#
# There is insufficient memory for the Java Runtime Environment to continue.
# Native memory allocation (mmap) failed to map 130023424 bytes for committing reserved memory.
# Possible reasons:
#   The system is out of physical RAM or swap space
#   In 32 bit mode, the process size limit was hit
# Possible solutions:
#   Reduce memory load on the system
#   Increase physical memory or swap space
#   Check if swap backing store is full
#   Use 64 bit Java on a 64 bit OS
#   Decrease Java heap size (-Xmx/-Xms)
#   Decrease number of Java threads
#   Decrease Java thread stack sizes (-Xss)
#   Set larger code cache with -XX:ReservedCodeCacheSize=
# This output file may be truncated or incomplete.
#
#  Out of Memory Error (os_linux.cpp:2627), pid=8743, tid=139966268024576
#
# JRE version: Java(TM) SE Runtime Environment (8.0_60-b27) (build 1.8.0_60-b27)
# Java VM: Java HotSpot(TM) 64-Bit Server VM (25.60-b23 mixed mode linux-amd64 compressed oops)
# Failed to write core dump. Core dumps have been disabled. To enable core dumping, try "ulimit -c unlimited" before starting Java again
#

---------------  T H R E A D  ---------------

Current thread (0x00007f4c88078000):  VMThread [stack: 0x00007f4c6f9fa000,0x00007f4c6fafb000] [id=8754]

Stack: [0x00007f4c6f9fa000,0x00007f4c6fafb000],  sp=0x00007f4c6faf9160,  free space=1020k
Native frames: (J=compiled Java code, j=interpreted, Vv=VM code, C=native code)
V  [libjvm.so+0xab97ea]  VMError::report_and_die()+0x2ba
V  [libjvm.so+0x4f9dab]  report_vm_out_of_memory(char const*, int, unsigned long, VMErrorType, char const*)+0x8b
V  [libjvm.so+0x91a7c3]  os::Linux::commit_memory_impl(char*, unsigned long, bool)+0x103
V  [libjvm.so+0x91ad19]  os::pd_commit_memory(char*, unsigned long, unsigned long, bool)+0x29
V  [libjvm.so+0x91502a]  os::commit_memory(char*, unsigned long, unsigned long, bool)+0x2a
V  [libjvm.so+0x9886d3]  PSVirtualSpace::expand_by(unsigned long)+0x53
V  [libjvm.so+0x989ad8]  PSYoungGen::resize_generation(unsigned long, unsigned long)+0xf8
V  [libjvm.so+0x988c32]  PSYoungGen::resize(unsigned long, unsigned long)+0x22
V  [libjvm.so+0x985f0b]  PSScavenge::invoke_no_policy()+0xf3b
V  [libjvm.so+0x986691]  PSScavenge::invoke()+0x41
V  [libjvm.so+0x93e430]  ParallelScavengeHeap::failed_mem_allocate(unsigned long)+0x70
V  [libjvm.so+0xabb207]  VM_ParallelGCFailedAllocation::doit()+0x97
V  [libjvm.so+0xac2c35]  VM_Operation::evaluate()+0x55
V  [libjvm.so+0xac100a]  VMThread::evaluate_operation(VM_Operation*)+0xba
V  [libjvm.so+0xac138e]  VMThread::loop()+0x1ce
V  [libjvm.so+0xac1800]  VMThread::run()+0x70
V  [libjvm.so+0x91cb88]  java_start(Thread*)+0x108

VM_Operation (0x00007f4c8e19e170): ParallelGCFailedAllocation, mode: safepoint, requested by thread 0x00007f4c8800a800


---------------  P R O C E S S  ---------------

Java Threads: ( => current thread )
  0x00007f4c880c1800 JavaThread "Service Thread" daemon [_thread_blocked, id=8761, stack(0x00007f4c6ec10000,0x00007f4c6ed11000)]
  0x00007f4c880bc800 JavaThread "C1 CompilerThread2" daemon [_thread_blocked, id=8760, stack(0x00007f4c6ed11000,0x00007f4c6ee12000)]
  0x00007f4c880ba800 JavaThread "C2 CompilerThread1" daemon [_thread_blocked, id=8759, stack(0x00007f4c6ee12000,0x00007f4c6ef13000)]
  0x00007f4c880b8000 JavaThread "C2 CompilerThread0" daemon [_thread_blocked, id=8758, stack(0x00007f4c6ef13000,0x00007f4c6f014000)]
  0x00007f4c880b6800 JavaThread "Signal Dispatcher" daemon [_thread_blocked, id=8757, stack(0x00007f4c6f014000,0x00007f4c6f115000)]
  0x00007f4c8807f800 JavaThread "Finalizer" daemon [_thread_blocked, id=8756, stack(0x00007f4c6f7f8000,0x00007f4c6f8f9000)]
  0x00007f4c8807d800 JavaThread "Reference Handler" daemon [_thread_blocked, id=8755, stack(0x00007f4c6f8f9000,0x00007f4c6f9fa000)]
  0x00007f4c8800a800 JavaThread "main" [_thread_blocked, id=8749, stack(0x00007f4c8e09f000,0x00007f4c8e1a0000)]

Other Threads:
=>0x00007f4c88078000 VMThread [stack: 0x00007f4c6f9fa000,0x00007f4c6fafb000] [id=8754]
  0x00007f4c880c4800 WatcherThread [stack: 0x00007f4c6eb0f000,0x00007f4c6ec10000] [id=8762]

VM state:at safepoint (normal execution)

VM Mutex/Monitor currently owned by a thread:  ([mutex/lock_event])
[0x00007f4c88006bb0] Threads_lock - owner thread: 0x00007f4c88078000
[0x00007f4c880070b0] Heap_lock - owner thread: 0x00007f4c8800a800

Heap:
 PSYoungGen      total 139776K, used 9376K [0x00000000eab00000, 0x00000000f4000000, 0x0000000100000000)
  eden space 126976K, 0% used [0x00000000eab00000,0x00000000eab00000,0x00000000f2700000)
  from space 12800K, 73% used [0x00000000f2700000,0x00000000f3028028,0x00000000f3380000)
  to   space 12288K, 0% used [0x00000000f3400000,0x00000000f3400000,0x00000000f4000000)
 ParOldGen       total 42496K, used 24460K [0x00000000c0000000, 0x00000000c2980000, 0x00000000eab00000)
  object space 42496K, 57% used [0x00000000c0000000,0x00000000c17e3298,0x00000000c2980000)
 Metaspace       used 7617K, capacity 8184K, committed 8448K, reserved 1056768K
  class space    used 720K, capacity 752K, committed 768K, reserved 1048576K

Card table byte_map: [0x00007f4c77bad000,0x00007f4c77dae000] byte_map_base: 0x00007f4c775ad000

Marking Bits: (ParMarkBitMap*) 0x00007f4c8d580de0
 Begin Bits: [0x00007f4c75653000, 0x00007f4c76653000)
 End Bits:   [0x00007f4c76653000, 0x00007f4c77653000)

Polling page: 0x00007f4c8e1c8000

CodeCache: size=245760Kb used=9275Kb max_used=9290Kb free=236484Kb
 bounds [0x00007f4c7816e000, 0x00007f4c78a8e000, 0x00007f4c8716e000]
 total_blobs=3098 nmethods=2805 adapters=207
 compilation: enabled

Compilation events (10 events):
Event: 3,434 Thread 0x00007f4c880ba800 nmethod 2710 0x00007f4c78a750d0 code [0x00007f4c78a75220, 0x00007f4c78a75318]
Event: 3,434 Thread 0x00007f4c880ba800 2711       4       com.android.dex.MethodId::compareTo (58 bytes)
Event: 3,435 Thread 0x00007f4c880ba800 nmethod 2711 0x00007f4c78a7a150 code [0x00007f4c78a7a2a0, 0x00007f4c78a7a358]
Event: 3,435 Thread 0x00007f4c880ba800 2593       4       java.lang.String::compareTo (9 bytes)
Event: 3,437 Thread 0x00007f4c880ba800 nmethod 2593 0x00007f4c78a7b910 code [0x00007f4c78a7ba60, 0x00007f4c78a7bbd8]
Event: 3,437 Thread 0x00007f4c880ba800 2715       4       java.lang.Long::numberOfLeadingZeros (94 bytes)
Event: 3,438 Thread 0x00007f4c880ba800 nmethod 2715 0x00007f4c78a59150 code [0x00007f4c78a59280, 0x00007f4c78a59338]
Event: 3,438 Thread 0x00007f4c880ba800 2591       4       com.android.dx.merge.DexMerger$1::write (51 bytes)
Event: 3,463 Thread 0x00007f4c880ba800 nmethod 2591 0x00007f4c78a8a510 code [0x00007f4c78a8a740, 0x00007f4c78a8b668]
Event: 3,733 Thread 0x00007f4c880ba800 2852       4       com.android.dex.Dex$Section::readClassData (66 bytes)

GC Heap History (10 events):
Event: 1,008 GC heap after
Heap after GC invocations=2 (full 0):
 PSYoungGen      total 34304K, used 2538K [0x00000000eab00000, 0x00000000ecf00000, 0x0000000100000000)
  eden space 31744K, 0% used [0x00000000eab00000,0x00000000eab00000,0x00000000eca00000)
  from space 2560K, 99% used [0x00000000ecc80000,0x00000000ecefaa00,0x00000000ecf00000)
  to   space 2560K, 0% used [0x00000000eca00000,0x00000000eca00000,0x00000000ecc80000)
 ParOldGen       total 42496K, used 3642K [0x00000000c0000000, 0x00000000c2980000, 0x00000000eab00000)
  object space 42496K, 8% used [0x00000000c0000000,0x00000000c038e960,0x00000000c2980000)
 Metaspace       used 5474K, capacity 6896K, committed 7040K, reserved 1056768K
  class space    used 538K, capacity 616K, committed 640K, reserved 1048576K
}
Event: 1,266 GC heap before
{Heap before GC invocations=3 (full 0):
 PSYoungGen      total 34304K, used 34282K [0x00000000eab00000, 0x00000000ecf00000, 0x0000000100000000)
  eden space 31744K, 100% used [0x00000000eab00000,0x00000000eca00000,0x00000000eca00000)
  from space 2560K, 99% used [0x00000000ecc80000,0x00000000ecefaa00,0x00000000ecf00000)
  to   space 2560K, 0% used [0x00000000eca00000,0x00000000eca00000,0x00000000ecc80000)
 ParOldGen       total 42496K, used 3642K [0x00000000c0000000, 0x00000000c2980000, 0x00000000eab00000)
  object space 42496K, 8% used [0x00000000c0000000,0x00000000c038e960,0x00000000c2980000)
 Metaspace       used 5628K, capacity 7024K, committed 7296K, reserved 1056768K
  class space    used 538K, capacity 616K, committed 640K, reserved 1048576K
Event: 1,276 GC heap after
Heap after GC invocations=3 (full 0):
 PSYoungGen      total 34304K, used 2554K [0x00000000eab00000, 0x00000000eee00000, 0x0000000100000000)
  eden space 31744K, 0% used [0x00000000eab00000,0x00000000eab00000,0x00000000eca00000)
  from space 2560K, 99% used [0x00000000eca00000,0x00000000ecc7e9e0,0x00000000ecc80000)
  to   space 2560K, 0% used [0x00000000eeb80000,0x00000000eeb80000,0x00000000eee00000)
 ParOldGen       total 42496K, used 7734K [0x00000000c0000000, 0x00000000c2980000, 0x00000000eab00000)
  object space 42496K, 18% used [0x00000000c0000000,0x00000000c078d9f8,0x00000000c2980000)
 Metaspace       used 5628K, capacity 7024K, committed 7296K, reserved 1056768K
  class space    used 538K, capacity 616K, committed 640K, reserved 1048576K
}
Event: 1,477 GC heap before
{Heap before GC invocations=4 (full 0):
 PSYoungGen      total 34304K, used 34298K [0x00000000eab00000, 0x00000000eee00000, 0x0000000100000000)
  eden space 31744K, 100% used [0x00000000eab00000,0x00000000eca00000,0x00000000eca00000)
  from space 2560K, 99% used [0x00000000eca00000,0x00000000ecc7e9e0,0x00000000ecc80000)
  to   space 2560K, 0% used [0x00000000eeb80000,0x00000000eeb80000,0x00000000eee00000)
 ParOldGen       total 42496K, used 7734K [0x00000000c0000000, 0x00000000c2980000, 0x00000000eab00000)
  object space 42496K, 18% used [0x00000000c0000000,0x00000000c078d9f8,0x00000000c2980000)
 Metaspace       used 5680K, capacity 7088K, committed 7296K, reserved 1056768K
  class space    used 538K, capacity 616K, committed 640K, reserved 1048576K
Event: 1,495 GC heap after
Heap after GC invocations=4 (full 0):
 PSYoungGen      total 66048K, used 2542K [0x00000000eab00000, 0x00000000eee00000, 0x0000000100000000)
  eden space 63488K, 0% used [0x00000000eab00000,0x00000000eab00000,0x00000000ee900000)
  from space 2560K, 99% used [0x00000000eeb80000,0x00000000eedfba60,0x00000000eee00000)
  to   space 2560K, 0% used [0x00000000ee900000,0x00000000ee900000,0x00000000eeb80000)
 ParOldGen       total 42496K, used 12316K [0x00000000c0000000, 0x00000000c2980000, 0x00000000eab00000)
  object space 42496K, 28% used [0x00000000c0000000,0x00000000c0c072e0,0x00000000c2980000)
 Metaspace       used 5680K, capacity 7088K, committed 7296K, reserved 1056768K
  class space    used 538K, capacity 616K, committed 640K, reserved 1048576K
}
Event: 2,421 GC heap before
{Heap before GC invocations=5 (full 0):
 PSYoungGen      total 66048K, used 66030K [0x00000000eab00000, 0x00000000eee00000, 0x0000000100000000)
  eden space 63488K, 100% used [0x00000000eab00000,0x00000000ee900000,0x00000000ee900000)
  from space 2560K, 99% used [0x00000000eeb80000,0x00000000eedfba60,0x00000000eee00000)
  to   space 2560K, 0% used [0x00000000ee900000,0x00000000ee900000,0x00000000eeb80000)
 ParOldGen       total 42496K, used 12316K [0x00000000c0000000, 0x00000000c2980000, 0x00000000eab00000)
  object space 42496K, 28% used [0x00000000c0000000,0x00000000c0c072e0,0x00000000c2980000)
 Metaspace       used 7559K, capacity 8120K, committed 8192K, reserved 1056768K
  class space    used 719K, capacity 752K, committed 768K, reserved 1048576K
Event: 2,443 GC heap after
Heap after GC invocations=5 (full 0):
 PSYoungGen      total 66048K, used 2553K [0x00000000eab00000, 0x00000000f4100000, 0x0000000100000000)
  eden space 63488K, 0% used [0x00000000eab00000,0x00000000eab00000,0x00000000ee900000)
  from space 2560K, 99% used [0x00000000ee900000,0x00000000eeb7e450,0x00000000eeb80000)
  to   space 13312K, 0% used [0x00000000f3400000,0x00000000f3400000,0x00000000f4100000)
 ParOldGen       total 42496K, used 23468K [0x00000000c0000000, 0x00000000c2980000, 0x00000000eab00000)
  object space 42496K, 55% used [0x00000000c0000000,0x00000000c16eb3b0,0x00000000c2980000)
 Metaspace       used 7559K, capacity 8120K, committed 8192K, reserved 1056768K
  class space    used 719K, capacity 752K, committed 768K, reserved 1048576K
}
Event: 2,684 GC heap before
{Heap before GC invocations=6 (full 0):
 PSYoungGen      total 66048K, used 66041K [0x00000000eab00000, 0x00000000f4100000, 0x0000000100000000)
  eden space 63488K, 100% used [0x00000000eab00000,0x00000000ee900000,0x00000000ee900000)
  from space 2560K, 99% used [0x00000000ee900000,0x00000000eeb7e450,0x00000000eeb80000)
  to   space 13312K, 0% used [0x00000000f3400000,0x00000000f3400000,0x00000000f4100000)
 ParOldGen       total 42496K, used 23468K [0x00000000c0000000, 0x00000000c2980000, 0x00000000eab00000)
  object space 42496K, 55% used [0x00000000c0000000,0x00000000c16eb3b0,0x00000000c2980000)
 Metaspace       used 7596K, capacity 8184K, committed 8448K, reserved 1056768K
  class space    used 720K, capacity 752K, committed 768K, reserved 1048576K
Event: 2,713 GC heap after
Heap after GC invocations=6 (full 0):
 PSYoungGen      total 139264K, used 7121K [0x00000000eab00000, 0x00000000f4000000, 0x0000000100000000)
  eden space 126976K, 0% used [0x00000000eab00000,0x00000000eab00000,0x00000000f2700000)
  from space 12288K, 57% used [0x00000000f3400000,0x00000000f3af4768,0x00000000f4000000)
  to   space 12800K, 0% used [0x00000000f2700000,0x00000000f2700000,0x00000000f3380000)
 ParOldGen       total 42496K, used 23476K [0x00000000c0000000, 0x00000000c2980000, 0x00000000eab00000)
  object space 42496K, 55% used [0x00000000c0000000,0x00000000c16ed3b0,0x00000000c2980000)
 Metaspace       used 7596K, capacity 8184K, committed 8448K, reserved 1056768K
  class space    used 720K, capacity 752K, committed 768K, reserved 1048576K
}
Event: 3,758 GC heap before
{Heap before GC invocations=7 (full 0):
 PSYoungGen      total 139264K, used 134097K [0x00000000eab00000, 0x00000000f4000000, 0x0000000100000000)
  eden space 126976K, 100% used [0x00000000eab00000,0x00000000f2700000,0x00000000f2700000)
  from space 12288K, 57% used [0x00000000f3400000,0x00000000f3af4768,0x00000000f4000000)
  to   space 12800K, 0% used [0x00000000f2700000,0x00000000f2700000,0x00000000f3380000)
 ParOldGen       total 42496K, used 23476K [0x00000000c0000000, 0x00000000c2980000, 0x00000000eab00000)
  object space 42496K, 55% used [0x00000000c0000000,0x00000000c16ed3b0,0x00000000c2980000)
 Metaspace       used 7617K, capacity 8184K, committed 8448K, reserved 1056768K
  class space    used 720K, capacity 752K, committed 768K, reserved 1048576K

Deoptimization events (10 events):
Event: 2,061 Thread 0x00007f4c8800a800 Uncommon trap: reason=class_check action=maybe_recompile pc=0x00007f4c7888fd8c method=com.android.dex.Leb128.writeUnsignedLeb128(Lcom/android/dex/util/ByteOutput;I)V @ 40
Event: 2,062 Thread 0x00007f4c8800a800 Uncommon trap: reason=predicate action=maybe_recompile pc=0x00007f4c7888fdf8 method=com.android.dex.Leb128.writeUnsignedLeb128(Lcom/android/dex/util/ByteOutput;I)V @ 9
Event: 2,107 Thread 0x00007f4c8800a800 Uncommon trap: reason=unstable_if action=reinterpret pc=0x00007f4c78870800 method=com.android.dx.util.ByteArrayAnnotatedOutput.ensureCapacity(I)V @ 6
Event: 2,107 Thread 0x00007f4c8800a800 Uncommon trap: reason=unstable_if action=reinterpret pc=0x00007f4c7887147c method=com.android.dx.util.ByteArrayAnnotatedOutput.ensureCapacity(I)V @ 6
Event: 2,109 Thread 0x00007f4c8800a800 Uncommon trap: reason=unstable_if action=reinterpret pc=0x00007f4c787c0f00 method=java.util.HashMap.resize()[Ljava/util/HashMap$Node; @ 206
Event: 2,220 Thread 0x00007f4c8800a800 Uncommon trap: reason=predicate action=maybe_recompile pc=0x00007f4c78939a08 method=com.android.dex.Leb128.readUnsignedLeb128(Lcom/android/dex/util/ByteInput;)I @ 41
Event: 2,320 Thread 0x00007f4c8800a800 Uncommon trap: reason=unstable_if action=reinterpret pc=0x00007f4c788ca3a8 method=com.android.dx.util.ByteArrayAnnotatedOutput.ensureCapacity(I)V @ 6
Event: 2,335 Thread 0x00007f4c8800a800 Uncommon trap: reason=unstable_if action=reinterpret pc=0x00007f4c7878bcac method=java.util.HashMap.getNode(ILjava/lang/Object;)Ljava/util/HashMap$Node; @ 84
Event: 2,336 Thread 0x00007f4c8800a800 Uncommon trap: reason=unstable_if action=reinterpret pc=0x00007f4c78822d0c method=java.util.HashMap.getNode(ILjava/lang/Object;)Ljava/util/HashMap$Node; @ 84
Event: 2,799 Thread 0x00007f4c8800a800 Uncommon trap: reason=unstable_if action=reinterpret pc=0x00007f4c783ccc5c method=java.lang.Long.numberOfTrailingZeros(J)I @ 3

Internal exceptions (5 events):
Event: 0,131 Thread 0x00007f4c8800a800 Exception <a 'java/lang/NoSuchMethodError': Method sun.misc.Unsafe.defineClass(Ljava/lang/String;[BII)Ljava/lang/Class; name or signature does not match> (0x00000000eab12a68) thrown at [/HUDSON/workspace/8-2-build-linux-amd64/jdk8u60/4407/hotspot/src/shar
Event: 0,131 Thread 0x00007f4c8800a800 Exception <a 'java/lang/NoSuchMethodError': Method sun.misc.Unsafe.prefetchRead(Ljava/lang/Object;J)V name or signature does not match> (0x00000000eab12d50) thrown at [/HUDSON/workspace/8-2-build-linux-amd64/jdk8u60/4407/hotspot/src/share/vm/prims/jni.cpp
Event: 0,832 Thread 0x00007f4c8800a800 Implicit null exception at 0x00007f4c78478b62 to 0x00007f4c78478c53
Event: 0,835 Thread 0x00007f4c8800a800 Implicit null exception at 0x00007f4c784385ee to 0x00007f4c7843ab95
Event: 1,725 Thread 0x00007f4c8800a800 Exception <a 'java/lang/ArrayIndexOutOfBoundsException': 18> (0x00000000ec9166e8) thrown at [/HUDSON/workspace/8-2-build-linux-amd64/jdk8u60/4407/hotspot/src/share/vm/interpreter/interpreterRuntime.cpp, line 366]

Events (10 events):
Event: 3,147 Thread 0x00007f4c8800a800 DEOPT UNPACKING pc=0x00007f4c781b5233 sp=0x00007f4c8e19e260 mode 0
Event: 3,161 Thread 0x00007f4c8800a800 DEOPT PACKING pc=0x00007f4c78a01999 sp=0x00007f4c8e19e4c0
Event: 3,161 Thread 0x00007f4c8800a800 DEOPT UNPACKING pc=0x00007f4c781b5233 sp=0x00007f4c8e19e260 mode 0
Event: 3,176 Thread 0x00007f4c8800a800 DEOPT PACKING pc=0x00007f4c78907800 sp=0x00007f4c8e19e320
Event: 3,176 Thread 0x00007f4c8800a800 DEOPT UNPACKING pc=0x00007f4c781b5233 sp=0x00007f4c8e19e028 mode 0
Event: 3,177 Thread 0x00007f4c8800a800 DEOPT PACKING pc=0x00007f4c78907800 sp=0x00007f4c8e19e2d0
Event: 3,177 Thread 0x00007f4c8800a800 DEOPT UNPACKING pc=0x00007f4c781b5233 sp=0x00007f4c8e19dfd8 mode 0
Event: 3,286 Thread 0x00007f4c8800a800 DEOPT PACKING pc=0x00007f4c78962248 sp=0x00007f4c8e19e3b0
Event: 3,286 Thread 0x00007f4c8800a800 DEOPT UNPACKING pc=0x00007f4c781b5233 sp=0x00007f4c8e19e0c8 mode 0
Event: 3,751 Executing VM operation: ParallelGCFailedAllocation


Dynamic libraries:
00400000-00401000 r-xp 00000000 08:01 2642429                            /usr/lib/jvm/java-8-oracle/bin/java
00600000-00601000 rw-p 00000000 08:01 2642429                            /usr/lib/jvm/java-8-oracle/bin/java
010e9000-0110a000 rw-p 00000000 00:00 0                                  [heap]
c0000000-c2980000 rw-p 00000000 00:00 0 
c2980000-eab00000 ---p 00000000 00:00 0 
eab00000-f4000000 rw-p 00000000 00:00 0 
fbc00000-100000000 ---p 00000000 00:00 0 
100000000-1000c0000 rw-p 00000000 00:00 0 
1000c0000-140000000 ---p 00000000 00:00 0 
7f4c38000000-7f4c38021000 rw-p 00000000 00:00 0 
7f4c38021000-7f4c3c000000 ---p 00000000 00:00 0 
7f4c3c000000-7f4c3c021000 rw-p 00000000 00:00 0 
7f4c3c021000-7f4c40000000 ---p 00000000 00:00 0 
7f4c40000000-7f4c40ca6000 rw-p 00000000 00:00 0 
7f4c40ca6000-7f4c44000000 ---p 00000000 00:00 0 
7f4c44000000-7f4c4481d000 rw-p 00000000 00:00 0 
7f4c4481d000-7f4c48000000 ---p 00000000 00:00 0 
7f4c48000000-7f4c48021000 rw-p 00000000 00:00 0 
7f4c48021000-7f4c4c000000 ---p 00000000 00:00 0 
7f4c4c000000-7f4c4d2f2000 rw-p 00000000 00:00 0 
7f4c4d2f2000-7f4c50000000 ---p 00000000 00:00 0 
7f4c50000000-7f4c50021000 rw-p 00000000 00:00 0 
7f4c50021000-7f4c54000000 ---p 00000000 00:00 0 
7f4c54000000-7f4c54021000 rw-p 00000000 00:00 0 
7f4c54021000-7f4c58000000 ---p 00000000 00:00 0 
7f4c58000000-7f4c58021000 rw-p 00000000 00:00 0 
7f4c58021000-7f4c5c000000 ---p 00000000 00:00 0 
7f4c5c000000-7f4c5c28b000 rw-p 00000000 00:00 0 
7f4c5c28b000-7f4c60000000 ---p 00000000 00:00 0 
7f4c60000000-7f4c60021000 rw-p 00000000 00:00 0 
7f4c60021000-7f4c64000000 ---p 00000000 00:00 0 
7f4c68000000-7f4c68021000 rw-p 00000000 00:00 0 
7f4c68021000-7f4c6c000000 ---p 00000000 00:00 0 
7f4c6eb00000-7f4c6eb0f000 r--s 000dd000 08:01 532295                     /home/fokko/Android/Sdk/build-tools/22.0.1/lib/dx.jar
7f4c6eb0f000-7f4c6eb10000 ---p 00000000 00:00 0 
7f4c6eb10000-7f4c6ec10000 rw-p 00000000 00:00 0                          [stack:8762]
7f4c6ec10000-7f4c6ec13000 ---p 00000000 00:00 0 
7f4c6ec13000-7f4c6ed11000 rw-p 00000000 00:00 0                          [stack:8761]
7f4c6ed11000-7f4c6ed14000 ---p 00000000 00:00 0 
7f4c6ed14000-7f4c6ee12000 rw-p 00000000 00:00 0                          [stack:8760]
7f4c6ee12000-7f4c6ee15000 ---p 00000000 00:00 0 
7f4c6ee15000-7f4c6ef13000 rw-p 00000000 00:00 0                          [stack:8759]
7f4c6ef13000-7f4c6ef16000 ---p 00000000 00:00 0 
7f4c6ef16000-7f4c6f014000 rw-p 00000000 00:00 0                          [stack:8758]
7f4c6f014000-7f4c6f017000 ---p 00000000 00:00 0 
7f4c6f017000-7f4c6f115000 rw-p 00000000 00:00 0                          [stack:8757]
7f4c6f115000-7f4c6f7f8000 r--p 00000000 08:01 2628420                    /usr/lib/locale/locale-archive
7f4c6f7f8000-7f4c6f7fb000 ---p 00000000 00:00 0 
7f4c6f7fb000-7f4c6f8f9000 rw-p 00000000 00:00 0                          [stack:8756]
7f4c6f8f9000-7f4c6f8fc000 ---p 00000000 00:00 0 
7f4c6f8fc000-7f4c6f9fa000 rw-p 00000000 00:00 0                          [stack:8755]
7f4c6f9fa000-7f4c6f9fb000 ---p 00000000 00:00 0 
7f4c6f9fb000-7f4c70000000 rw-p 00000000 00:00 0                          [stack:8754]
7f4c70000000-7f4c70021000 rw-p 00000000 00:00 0 
7f4c70021000-7f4c74000000 ---p 00000000 00:00 0 
7f4c7400e000-7f4c74a7b000 rw-p 00000000 00:00 0 
7f4c74a7b000-7f4c74c53000 r--s 03d17000 08:01 2631796                    /usr/lib/jvm/java-8-oracle/jre/lib/rt.jar
7f4c74c53000-7f4c753d3000 rw-p 00000000 00:00 0 
7f4c753d3000-7f4c75453000 ---p 00000000 00:00 0 
7f4c75453000-7f4c77653000 rw-p 00000000 00:00 0 
7f4c77653000-7f4c77654000 ---p 00000000 00:00 0 
7f4c77654000-7f4c77754000 rw-p 00000000 00:00 0                          [stack:8753]
7f4c77754000-7f4c77755000 ---p 00000000 00:00 0 
7f4c77755000-7f4c77855000 rw-p 00000000 00:00 0                          [stack:8752]
7f4c77855000-7f4c77856000 ---p 00000000 00:00 0 
7f4c77856000-7f4c77956000 rw-p 00000000 00:00 0                          [stack:8751]
7f4c77956000-7f4c77957000 ---p 00000000 00:00 0 
7f4c77957000-7f4c77a6c000 rw-p 00000000 00:00 0                          [stack:8750]
7f4c77a6c000-7f4c77bad000 ---p 00000000 00:00 0 
7f4c77bad000-7f4c77bc2000 rw-p 00000000 00:00 0 
7f4c77bc2000-7f4c77d02000 ---p 00000000 00:00 0 
7f4c77d02000-7f4c77d4d000 rw-p 00000000 00:00 0 
7f4c77d4d000-7f4c77dad000 ---p 00000000 00:00 0 
7f4c77dad000-7f4c77dd3000 rw-p 00000000 00:00 0 
7f4c77dd3000-7f4c7816e000 ---p 00000000 00:00 0 
7f4c7816e000-7f4c78a8e000 rwxp 00000000 00:00 0 
7f4c78a8e000-7f4c8716e000 ---p 00000000 00:00 0 
7f4c8716e000-7f4c87188000 r-xp 00000000 08:01 2631462                    /usr/lib/jvm/java-8-oracle/jre/lib/amd64/libzip.so
7f4c87188000-7f4c87388000 ---p 0001a000 08:01 2631462                    /usr/lib/jvm/java-8-oracle/jre/lib/amd64/libzip.so
7f4c87388000-7f4c87389000 rw-p 0001a000 08:01 2631462                    /usr/lib/jvm/java-8-oracle/jre/lib/amd64/libzip.so
7f4c87389000-7f4c87394000 r-xp 00000000 08:01 1835111                    /lib/x86_64-linux-gnu/libnss_files-2.19.so
7f4c87394000-7f4c87593000 ---p 0000b000 08:01 1835111                    /lib/x86_64-linux-gnu/libnss_files-2.19.so
7f4c87593000-7f4c87594000 r--p 0000a000 08:01 1835111                    /lib/x86_64-linux-gnu/libnss_files-2.19.so
7f4c87594000-7f4c87595000 rw-p 0000b000 08:01 1835111                    /lib/x86_64-linux-gnu/libnss_files-2.19.so
7f4c87595000-7f4c875a0000 r-xp 00000000 08:01 1835247                    /lib/x86_64-linux-gnu/libnss_nis-2.19.so
7f4c875a0000-7f4c8779f000 ---p 0000b000 08:01 1835247                    /lib/x86_64-linux-gnu/libnss_nis-2.19.so
7f4c8779f000-7f4c877a0000 r--p 0000a000 08:01 1835247                    /lib/x86_64-linux-gnu/libnss_nis-2.19.so
7f4c877a0000-7f4c877a1000 rw-p 0000b000 08:01 1835247                    /lib/x86_64-linux-gnu/libnss_nis-2.19.so
7f4c877a1000-7f4c877b8000 r-xp 00000000 08:01 1835198                    /lib/x86_64-linux-gnu/libnsl-2.19.so
7f4c877b8000-7f4c879b7000 ---p 00017000 08:01 1835198                    /lib/x86_64-linux-gnu/libnsl-2.19.so
7f4c879b7000-7f4c879b8000 r--p 00016000 08:01 1835198                    /lib/x86_64-linux-gnu/libnsl-2.19.so
7f4c879b8000-7f4c879b9000 rw-p 00017000 08:01 1835198                    /lib/x86_64-linux-gnu/libnsl-2.19.so
7f4c879b9000-7f4c879bb000 rw-p 00000000 00:00 0 
7f4c879bb000-7f4c879c4000 r-xp 00000000 08:01 1835197                    /lib/x86_64-linux-gnu/libnss_compat-2.19.so
7f4c879c4000-7f4c87bc3000 ---p 00009000 08:01 1835197                    /lib/x86_64-linux-gnu/libnss_compat-2.19.so
7f4c87bc3000-7f4c87bc4000 r--p 00008000 08:01 1835197                    /lib/x86_64-linux-gnu/libnss_compat-2.19.so
7f4c87bc4000-7f4c87bc5000 rw-p 00009000 08:01 1835197                    /lib/x86_64-linux-gnu/libnss_compat-2.19.so
7f4c87bc5000-7f4c87bef000 r-xp 00000000 08:01 2631399                    /usr/lib/jvm/java-8-oracle/jre/lib/amd64/libjava.so
7f4c87bef000-7f4c87def000 ---p 0002a000 08:01 2631399                    /usr/lib/jvm/java-8-oracle/jre/lib/amd64/libjava.so
7f4c87def000-7f4c87df1000 rw-p 0002a000 08:01 2631399                    /usr/lib/jvm/java-8-oracle/jre/lib/amd64/libjava.so
7f4c87df1000-7f4c87dfe000 r-xp 00000000 08:01 2631445                    /usr/lib/jvm/java-8-oracle/jre/lib/amd64/libverify.so
7f4c87dfe000-7f4c87ffe000 ---p 0000d000 08:01 2631445                    /usr/lib/jvm/java-8-oracle/jre/lib/amd64/libverify.so
7f4c87ffe000-7f4c88000000 rw-p 0000d000 08:01 2631445                    /usr/lib/jvm/java-8-oracle/jre/lib/amd64/libverify.so
7f4c88000000-7f4c88388000 rw-p 00000000 00:00 0 
7f4c88388000-7f4c8c000000 ---p 00000000 00:00 0 
7f4c8c00c000-7f4c8c0c4000 rw-p 00000000 00:00 0 
7f4c8c0c4000-7f4c8c0cb000 r-xp 00000000 08:01 1835241                    /lib/x86_64-linux-gnu/librt-2.19.so
7f4c8c0cb000-7f4c8c2ca000 ---p 00007000 08:01 1835241                    /lib/x86_64-linux-gnu/librt-2.19.so
7f4c8c2ca000-7f4c8c2cb000 r--p 00006000 08:01 1835241                    /lib/x86_64-linux-gnu/librt-2.19.so
7f4c8c2cb000-7f4c8c2cc000 rw-p 00007000 08:01 1835241                    /lib/x86_64-linux-gnu/librt-2.19.so
7f4c8c2cc000-7f4c8c3d1000 r-xp 00000000 08:01 1835109                    /lib/x86_64-linux-gnu/libm-2.19.so
7f4c8c3d1000-7f4c8c5d0000 ---p 00105000 08:01 1835109                    /lib/x86_64-linux-gnu/libm-2.19.so
7f4c8c5d0000-7f4c8c5d1000 r--p 00104000 08:01 1835109                    /lib/x86_64-linux-gnu/libm-2.19.so
7f4c8c5d1000-7f4c8c5d2000 rw-p 00105000 08:01 1835109                    /lib/x86_64-linux-gnu/libm-2.19.so
7f4c8c5d2000-7f4c8d290000 r-xp 00000000 08:01 2631450                    /usr/lib/jvm/java-8-oracle/jre/lib/amd64/server/libjvm.so
7f4c8d290000-7f4c8d48f000 ---p 00cbe000 08:01 2631450                    /usr/lib/jvm/java-8-oracle/jre/lib/amd64/server/libjvm.so
7f4c8d48f000-7f4c8d567000 rw-p 00cbd000 08:01 2631450                    /usr/lib/jvm/java-8-oracle/jre/lib/amd64/server/libjvm.so
7f4c8d567000-7f4c8d5ac000 rw-p 00000000 00:00 0 
7f4c8d5ac000-7f4c8d767000 r-xp 00000000 08:01 1835233                    /lib/x86_64-linux-gnu/libc-2.19.so
7f4c8d767000-7f4c8d966000 ---p 001bb000 08:01 1835233                    /lib/x86_64-linux-gnu/libc-2.19.so
7f4c8d966000-7f4c8d96a000 r--p 001ba000 08:01 1835233                    /lib/x86_64-linux-gnu/libc-2.19.so
7f4c8d96a000-7f4c8d96c000 rw-p 001be000 08:01 1835233                    /lib/x86_64-linux-gnu/libc-2.19.so
7f4c8d96c000-7f4c8d971000 rw-p 00000000 00:00 0 
7f4c8d971000-7f4c8d974000 r-xp 00000000 08:01 1835189                    /lib/x86_64-linux-gnu/libdl-2.19.so
7f4c8d974000-7f4c8db73000 ---p 00003000 08:01 1835189                    /lib/x86_64-linux-gnu/libdl-2.19.so
7f4c8db73000-7f4c8db74000 r--p 00002000 08:01 1835189                    /lib/x86_64-linux-gnu/libdl-2.19.so
7f4c8db74000-7f4c8db75000 rw-p 00003000 08:01 1835189                    /lib/x86_64-linux-gnu/libdl-2.19.so
7f4c8db75000-7f4c8db8a000 r-xp 00000000 08:01 2632401                    /usr/lib/jvm/java-8-oracle/lib/amd64/jli/libjli.so
7f4c8db8a000-7f4c8dd8a000 ---p 00015000 08:01 2632401                    /usr/lib/jvm/java-8-oracle/lib/amd64/jli/libjli.so
7f4c8dd8a000-7f4c8dd8b000 rw-p 00015000 08:01 2632401                    /usr/lib/jvm/java-8-oracle/lib/amd64/jli/libjli.so
7f4c8dd8b000-7f4c8dda4000 r-xp 00000000 08:01 1835235                    /lib/x86_64-linux-gnu/libpthread-2.19.so
7f4c8dda4000-7f4c8dfa3000 ---p 00019000 08:01 1835235                    /lib/x86_64-linux-gnu/libpthread-2.19.so
7f4c8dfa3000-7f4c8dfa4000 r--p 00018000 08:01 1835235                    /lib/x86_64-linux-gnu/libpthread-2.19.so
7f4c8dfa4000-7f4c8dfa5000 rw-p 00019000 08:01 1835235                    /lib/x86_64-linux-gnu/libpthread-2.19.so
7f4c8dfa5000-7f4c8dfa9000 rw-p 00000000 00:00 0 
7f4c8dfa9000-7f4c8dfcc000 r-xp 00000000 08:01 1835202                    /lib/x86_64-linux-gnu/ld-2.19.so
7f4c8dfcd000-7f4c8e09f000 rw-p 00000000 00:00 0 
7f4c8e09f000-7f4c8e0a2000 ---p 00000000 00:00 0 
7f4c8e0a2000-7f4c8e1a4000 rw-p 00000000 00:00 0                          [stack:8749]
7f4c8e1a6000-7f4c8e1a7000 rw-p 00000000 00:00 0 
7f4c8e1a7000-7f4c8e1ab000 r--s 00095000 08:01 2625089                    /usr/lib/jvm/java-8-oracle/jre/lib/jsse.jar
7f4c8e1ab000-7f4c8e1bf000 rw-p 00000000 00:00 0 
7f4c8e1bf000-7f4c8e1c7000 rw-s 00000000 08:01 658461                     /tmp/hsperfdata_fokko/8743
7f4c8e1c7000-7f4c8e1c8000 rw-p 00000000 00:00 0 
7f4c8e1c8000-7f4c8e1c9000 ---p 00000000 00:00 0 
7f4c8e1c9000-7f4c8e1cb000 rw-p 00000000 00:00 0 
7f4c8e1cb000-7f4c8e1cc000 r--p 00022000 08:01 1835202                    /lib/x86_64-linux-gnu/ld-2.19.so
7f4c8e1cc000-7f4c8e1cd000 rw-p 00023000 08:01 1835202                    /lib/x86_64-linux-gnu/ld-2.19.so
7f4c8e1cd000-7f4c8e1ce000 rw-p 00000000 00:00 0 
7ffd05b44000-7ffd05b66000 rw-p 00000000 00:00 0                          [stack]
7ffd05bd8000-7ffd05bda000 r-xp 00000000 00:00 0                          [vdso]
ffffffffff600000-ffffffffff601000 r-xp 00000000 00:00 0                  [vsyscall]

VM Arguments:
jvm_args: -Xmx1024M -Dfile.encoding=UTF-8 -Duser.country=US -Duser.language=en -Duser.variant 
java_command: com.android.dx.command.Main --dex --output /home/fokko/Desktop/Enliter/app/build/intermediates/dex/debug /home/fokko/Desktop/Enliter/app/build/intermediates/classes/debug /home/fokko/Desktop/Enliter/app/build/intermediates/pre-dexed/debug/support-annotations-22.2.1-22a134207d962fae601a894ee1d799b5b879714f.jar /home/fokko/Desktop/Enliter/app/build/intermediates/pre-dexed/debug/gson-2.3-da8e1b0ebb418a966e907014d2e9e46c21da94f5.jar /home/fokko/Desktop/Enliter/app/build/intermediates/pre-dexed/debug/internal_impl-22.2.1-86bb20d4531f2e2252d71a157b276ace8de55bd6.jar /home/fokko/Desktop/Enliter/app/build/intermediates/pre-dexed/debug/org.eclipse.paho.client.mqttv3-1.0.2-d3465bf305bf322472969024276cec59f0d847fc.jar /home/fokko/Desktop/Enliter/app/build/intermediates/pre-dexed/debug/commons-collections4-4.0-94c4569eebd1ceff35d7801be75f230c32029614.jar /home/fokko/Desktop/Enliter/app/build/intermediates/pre-dexed/debug/protobuf-java-2.6.1-a6fb41e1c6f1d360a263f4ef8385ecb4055ad4bb.jar /home/fokko/Desktop/Enliter/app/build/intermediates/pre-dexed/debug/classes-66a2fec89004276681368e4ee76d03f936011de4.jar /home/fokko/Desktop/Enliter/app/build/intermediates/pre-dexed/debug/joda-time-2.5-6f3365c1bb447337b0356287fe03f1c4e217ee26.jar /home/fokko/Desktop/Enliter/app/build/intermediates/pre-dexed/debug/commons-math3-3.5-e7ff033c2be2c388af83f5fd3aea6e04ba96c0c1.jar
java_class_path (initial): /home/fokko/Android/Sdk/build-tools/22.0.1/lib/dx.jar
Launcher Type: SUN_STANDARD

Environment Variables:
JAVA_HOME=/usr/lib/jvm/java-8-oracle
PATH=/home/fokko/bin:/usr/local/sbin:/usr/local/bin:/usr/sbin:/usr/bin:/sbin:/bin:/usr/games:/usr/local/games:/usr/lib/jvm/java-8-oracle/bin:/usr/lib/jvm/java-8-oracle/db/bin:/usr/lib/jvm/java-8-oracle/jre/bin:/home/fokko/bin:/opt/gradle-2.1//bin
LD_LIBRARY_PATH=.:
SHELL=/bin/bash
DISPLAY=:0

Signal Handlers:
SIGSEGV: [libjvm.so+0xaba070], sa_mask[0]=11111111011111111101111111111110, sa_flags=SA_RESTART|SA_SIGINFO
SIGBUS: [libjvm.so+0xaba070], sa_mask[0]=11111111011111111101111111111110, sa_flags=SA_RESTART|SA_SIGINFO
SIGFPE: [libjvm.so+0x917630], sa_mask[0]=11111111011111111101111111111110, sa_flags=SA_RESTART|SA_SIGINFO
SIGPIPE: [libjvm.so+0x917630], sa_mask[0]=11111111011111111101111111111110, sa_flags=SA_RESTART|SA_SIGINFO
SIGXFSZ: [libjvm.so+0x917630], sa_mask[0]=11111111011111111101111111111110, sa_flags=SA_RESTART|SA_SIGINFO
SIGILL: [libjvm.so+0x917630], sa_mask[0]=11111111011111111101111111111110, sa_flags=SA_RESTART|SA_SIGINFO
SIGUSR1: SIG_DFL, sa_mask[0]=00000000000000000000000000000000, sa_flags=none
SIGUSR2: [libjvm.so+0x918c60], sa_mask[0]=00100000000000000000000000000000, sa_flags=SA_RESTART|SA_SIGINFO
SIGHUP: [libjvm.so+0x91a060], sa_mask[0]=11111111011111111101111111111110, sa_flags=SA_RESTART|SA_SIGINFO
SIGINT: [libjvm.so+0x91a060], sa_mask[0]=11111111011111111101111111111110, sa_flags=SA_RESTART|SA_SIGINFO
SIGTERM: [libjvm.so+0x91a060], sa_mask[0]=11111111011111111101111111111110, sa_flags=SA_RESTART|SA_SIGINFO
SIGQUIT: [libjvm.so+0x91a060], sa_mask[0]=11111111011111111101111111111110, sa_flags=SA_RESTART|SA_SIGINFO


---------------  S Y S T E M  ---------------

OS:DISTRIB_ID=Ubuntu
DISTRIB_RELEASE=14.04
DISTRIB_CODENAME=trusty
DISTRIB_DESCRIPTION="Ubuntu 14.04.3 LTS"

uname:Linux 3.13.0-55-generic #94-Ubuntu SMP Thu Jun 18 00:27:10 UTC 2015 x86_64
libc:glibc 2.19 NPTL 2.19 
rlimit: STACK 8192k, CORE 0k, NPROC 31388, NOFILE 4096, AS infinity
load average:1,88 1,48 1,43

/proc/meminfo:
MemTotal:        4039328 kB
MemFree:          109420 kB
Buffers:             448 kB
Cached:           156496 kB
SwapCached:        20672 kB
Active:          2731664 kB
Inactive:         859816 kB
Active(anon):    2717448 kB
Inactive(anon):   829420 kB
Active(file):      14216 kB
Inactive(file):    30396 kB
Unevictable:         552 kB
Mlocked:             552 kB
SwapTotal:       4185084 kB
SwapFree:              0 kB
Dirty:                44 kB
Writeback:             0 kB
AnonPages:       3418724 kB
Mapped:           198200 kB
Shmem:            111148 kB
Slab:             100160 kB
SReclaimable:      46124 kB
SUnreclaim:        54036 kB
KernelStack:        8088 kB
PageTables:        84152 kB
NFS_Unstable:          0 kB
Bounce:                0 kB
WritebackTmp:          0 kB
CommitLimit:     6204748 kB
Committed_AS:   16219248 kB
VmallocTotal:   34359738367 kB
VmallocUsed:      115236 kB
VmallocChunk:   34359617532 kB
HardwareCorrupted:     0 kB
AnonHugePages:    368640 kB
HugePages_Total:       0
HugePages_Free:        0
HugePages_Rsvd:        0
HugePages_Surp:        0
Hugepagesize:       2048 kB
DirectMap4k:      386944 kB
DirectMap2M:     3799040 kB


CPU:total 4 (4 cores per cpu, 1 threads per core) family 6 model 30 stepping 5, cmov, cx8, fxsr, mmx, sse, sse2, sse3, ssse3, sse4.1, sse4.2, popcnt, tsc, tscinvbit

/proc/cpuinfo:
processor	: 0
vendor_id	: GenuineIntel
cpu family	: 6
model		: 30
model name	: Intel(R) Core(TM) i5 CPU         750  @ 2.67GHz
stepping	: 5
microcode	: 0x4
cpu MHz		: 2661.000
cache size	: 8192 KB
physical id	: 0
siblings	: 4
core id		: 0
cpu cores	: 4
apicid		: 0
initial apicid	: 0
fpu		: yes
fpu_exception	: yes
cpuid level	: 11
wp		: yes
flags		: fpu vme de pse tsc msr pae mce cx8 apic sep mtrr pge mca cmov pat pse36 clflush dts acpi mmx fxsr sse sse2 ss ht tm pbe syscall nx rdtscp lm constant_tsc arch_perfmon pebs bts rep_good nopl xtopology nonstop_tsc aperfmperf pni dtes64 monitor ds_cpl vmx smx est tm2 ssse3 cx16 xtpr pdcm sse4_1 sse4_2 popcnt lahf_lm ida dtherm tpr_shadow vnmi flexpriority ept vpid
bogomips	: 5329.52
clflush size	: 64
cache_alignment	: 64
address sizes	: 36 bits physical, 48 bits virtual
power management:

processor	: 1
vendor_id	: GenuineIntel
cpu family	: 6
model		: 30
model name	: Intel(R) Core(TM) i5 CPU         750  @ 2.67GHz
stepping	: 5
microcode	: 0x4
cpu MHz		: 2661.000
cache size	: 8192 KB
physical id	: 0
siblings	: 4
core id		: 1
cpu cores	: 4
apicid		: 2
initial apicid	: 2
fpu		: yes
fpu_exception	: yes
cpuid level	: 11
wp		: yes
flags		: fpu vme de pse tsc msr pae mce cx8 apic sep mtrr pge mca cmov pat pse36 clflush dts acpi mmx fxsr sse sse2 ss ht tm pbe syscall nx rdtscp lm constant_tsc arch_perfmon pebs bts rep_good nopl xtopology nonstop_tsc aperfmperf pni dtes64 monitor ds_cpl vmx smx est tm2 ssse3 cx16 xtpr pdcm sse4_1 sse4_2 popcnt lahf_lm ida dtherm tpr_shadow vnmi flexpriority ept vpid
bogomips	: 5329.52
clflush size	: 64
cache_alignment	: 64
address sizes	: 36 bits physical, 48 bits virtual
power management:

processor	: 2
vendor_id	: GenuineIntel
cpu family	: 6
model		: 30
model name	: Intel(R) Core(TM) i5 CPU         750  @ 2.67GHz
stepping	: 5
microcode	: 0x4
cpu MHz		: 1197.000
cache size	: 8192 KB
physical id	: 0
siblings	: 4
core id		: 2
cpu cores	: 4
apicid		: 4
initial apicid	: 4
fpu		: yes
fpu_exception	: yes
cpuid level	: 11
wp		: yes
flags		: fpu vme de pse tsc msr pae mce cx8 apic sep mtrr pge mca cmov pat pse36 clflush dts acpi mmx fxsr sse sse2 ss ht tm pbe syscall nx rdtscp lm constant_tsc arch_perfmon pebs bts rep_good nopl xtopology nonstop_tsc aperfmperf pni dtes64 monitor ds_cpl vmx smx est tm2 ssse3 cx16 xtpr pdcm sse4_1 sse4_2 popcnt lahf_lm ida dtherm tpr_shadow vnmi flexpriority ept vpid
bogomips	: 5329.52
clflush size	: 64
cache_alignment	: 64
address sizes	: 36 bits physical, 48 bits virtual
power management:

processor	: 3
vendor_id	: GenuineIntel
cpu family	: 6
model		: 30
model name	: Intel(R) Core(TM) i5 CPU         750  @ 2.67GHz
stepping	: 5
microcode	: 0x4
cpu MHz		: 2661.000
cache size	: 8192 KB
physical id	: 0
siblings	: 4
core id		: 3
cpu cores	: 4
apicid		: 6
initial apicid	: 6
fpu		: yes
fpu_exception	: yes
cpuid level	: 11
wp		: yes
flags		: fpu vme de pse tsc msr pae mce cx8 apic sep mtrr pge mca cmov pat pse36 clflush dts acpi mmx fxsr sse sse2 ss ht tm pbe syscall nx rdtscp lm constant_tsc arch_perfmon pebs bts rep_good nopl xtopology nonstop_tsc aperfmperf pni dtes64 monitor ds_cpl vmx smx est tm2 ssse3 cx16 xtpr pdcm sse4_1 sse4_2 popcnt lahf_lm ida dtherm tpr_shadow vnmi flexpriority ept vpid
bogomips	: 5329.52
clflush size	: 64
cache_alignment	: 64
address sizes	: 36 bits physical, 48 bits virtual
power management:



Memory: 4k page, physical 4039328k(109420k free), swap 4185084k(0k free)

vm_info: Java HotSpot(TM) 64-Bit Server VM (25.60-b23) for linux-amd64 JRE (1.8.0_60-b27), built on Aug  4 2015 12:19:40 by "java_re" with gcc 4.3.0 20080428 (Red Hat 4.3.0-8)

time: Thu Sep 24 22:50:14 2015
elapsed time: 4 seconds (0d 0h 0m 4s)

