#
# There is insufficient memory for the Java Runtime Environment to continue.
# Native memory allocation (mmap) failed to map 79691776 bytes for committing reserved memory.
# Possible reasons:
#   The system is out of physical RAM or swap space
#   In 32 bit mode, the process size limit was hit
# Possible solutions:
#   Reduce memory load on the system
#   Increase physical memory or swap space
#   Check if swap backing store is full
#   Use 64 bit Java on a 64 bit OS
#   Decrease Java heap size (-Xmx/-Xms)
#   Decrease number of Java threads
#   Decrease Java thread stack sizes (-Xss)
#   Set larger code cache with -XX:ReservedCodeCacheSize=
# This output file may be truncated or incomplete.
#
#  Out of Memory Error (os_linux.cpp:2627), pid=8796, tid=140259691005696
#
# JRE version: Java(TM) SE Runtime Environment (8.0_60-b27) (build 1.8.0_60-b27)
# Java VM: Java HotSpot(TM) 64-Bit Server VM (25.60-b23 mixed mode linux-amd64 compressed oops)
# Failed to write core dump. Core dumps have been disabled. To enable core dumping, try "ulimit -c unlimited" before starting Java again
#

---------------  T H R E A D  ---------------

Current thread (0x00007f90d8078000):  VMThread [stack: 0x00007f90c0ff0000,0x00007f90c10f1000] [id=8805]

Stack: [0x00007f90c0ff0000,0x00007f90c10f1000],  sp=0x00007f90c10ef2e0,  free space=1020k
Native frames: (J=compiled Java code, j=interpreted, Vv=VM code, C=native code)
V  [libjvm.so+0xab97ea]  VMError::report_and_die()+0x2ba
V  [libjvm.so+0x4f9dab]  report_vm_out_of_memory(char const*, int, unsigned long, VMErrorType, char const*)+0x8b
V  [libjvm.so+0x91a7c3]  os::Linux::commit_memory_impl(char*, unsigned long, bool)+0x103
V  [libjvm.so+0x91ad19]  os::pd_commit_memory(char*, unsigned long, unsigned long, bool)+0x29
V  [libjvm.so+0x91502a]  os::commit_memory(char*, unsigned long, unsigned long, bool)+0x2a
V  [libjvm.so+0x9886d3]  PSVirtualSpace::expand_by(unsigned long)+0x53
V  [libjvm.so+0x989ad8]  PSYoungGen::resize_generation(unsigned long, unsigned long)+0xf8
V  [libjvm.so+0x988c32]  PSYoungGen::resize(unsigned long, unsigned long)+0x22
V  [libjvm.so+0x985f0b]  PSScavenge::invoke_no_policy()+0xf3b
V  [libjvm.so+0x986691]  PSScavenge::invoke()+0x41
V  [libjvm.so+0x93e430]  ParallelScavengeHeap::failed_mem_allocate(unsigned long)+0x70
V  [libjvm.so+0xabb207]  VM_ParallelGCFailedAllocation::doit()+0x97
V  [libjvm.so+0xac2c35]  VM_Operation::evaluate()+0x55
V  [libjvm.so+0xac100a]  VMThread::evaluate_operation(VM_Operation*)+0xba
V  [libjvm.so+0xac138e]  VMThread::loop()+0x1ce
V  [libjvm.so+0xac1800]  VMThread::run()+0x70
V  [libjvm.so+0x91cb88]  java_start(Thread*)+0x108

VM_Operation (0x00007f90df77d100): ParallelGCFailedAllocation, mode: safepoint, requested by thread 0x00007f90d800a800


---------------  P R O C E S S  ---------------

Java Threads: ( => current thread )
  0x00007f90d80c4000 JavaThread "Service Thread" daemon [_thread_blocked, id=8812, stack(0x00007f90c0206000,0x00007f90c0307000)]
  0x00007f90d80be800 JavaThread "C1 CompilerThread2" daemon [_thread_blocked, id=8811, stack(0x00007f90c0307000,0x00007f90c0408000)]
  0x00007f90d80bd000 JavaThread "C2 CompilerThread1" daemon [_thread_blocked, id=8810, stack(0x00007f90c0408000,0x00007f90c0509000)]
  0x00007f90d80ba000 JavaThread "C2 CompilerThread0" daemon [_thread_blocked, id=8809, stack(0x00007f90c0509000,0x00007f90c060a000)]
  0x00007f90d80b8800 JavaThread "Signal Dispatcher" daemon [_thread_blocked, id=8808, stack(0x00007f90c060a000,0x00007f90c070b000)]
  0x00007f90d807f800 JavaThread "Finalizer" daemon [_thread_blocked, id=8807, stack(0x00007f90c0dee000,0x00007f90c0eef000)]
  0x00007f90d807d800 JavaThread "Reference Handler" daemon [_thread_blocked, id=8806, stack(0x00007f90c0eef000,0x00007f90c0ff0000)]
  0x00007f90d800a800 JavaThread "main" [_thread_blocked, id=8800, stack(0x00007f90df67e000,0x00007f90df77f000)]

Other Threads:
=>0x00007f90d8078000 VMThread [stack: 0x00007f90c0ff0000,0x00007f90c10f1000] [id=8805]
  0x00007f90d80c6800 WatcherThread [stack: 0x00007f90c0105000,0x00007f90c0206000] [id=8813]

VM state:at safepoint (normal execution)

VM Mutex/Monitor currently owned by a thread:  ([mutex/lock_event])
[0x00007f90d8006bb0] Threads_lock - owner thread: 0x00007f90d8078000
[0x00007f90d80070b0] Heap_lock - owner thread: 0x00007f90d800a800

Heap:
 PSYoungGen      total 135680K, used 16865K [0x00000000eab00000, 0x00000000f4200000, 0x0000000100000000)
  eden space 118784K, 0% used [0x00000000eab00000,0x00000000eab00000,0x00000000f1f00000)
  from space 16896K, 99% used [0x00000000f1f00000,0x00000000f2f787b8,0x00000000f2f80000)
  to   space 14848K, 0% used [0x00000000f2f80000,0x00000000f2f80000,0x00000000f3e00000)
 ParOldGen       total 42496K, used 33853K [0x00000000c0000000, 0x00000000c2980000, 0x00000000eab00000)
  object space 42496K, 79% used [0x00000000c0000000,0x00000000c210f680,0x00000000c2980000)
 Metaspace       used 7652K, capacity 8184K, committed 8448K, reserved 1056768K
  class space    used 720K, capacity 752K, committed 768K, reserved 1048576K

Card table byte_map: [0x00007f90dc250000,0x00007f90dc451000] byte_map_base: 0x00007f90dbc50000

Marking Bits: (ParMarkBitMap*) 0x00007f90deb5fde0
 Begin Bits: [0x00007f90c2000000, 0x00007f90c3000000)
 End Bits:   [0x00007f90c3000000, 0x00007f90c4000000)

Polling page: 0x00007f90df7a7000

CodeCache: size=245760Kb used=9995Kb max_used=10021Kb free=235764Kb
 bounds [0x00007f90c9000000, 0x00007f90c99e0000, 0x00007f90d8000000]
 total_blobs=3237 nmethods=2944 adapters=207
 compilation: enabled

Compilation events (10 events):
Event: 4,930 Thread 0x00007f90d80bd000 nmethod 2970 0x00007f90c99ae250 code [0x00007f90c99ae3a0, 0x00007f90c99ae658]
Event: 4,930 Thread 0x00007f90d80bd000 2973       4       com.android.dx.io.instructions.DecodedInstruction::getBUnit (46 bytes)
Event: 4,931 Thread 0x00007f90d80bd000 nmethod 2973 0x00007f90c99b8250 code [0x00007f90c99b83a0, 0x00007f90c99b8458]
Event: 4,931 Thread 0x00007f90d80bd000 2974       4       com.android.dx.io.instructions.InstructionCodec$16::encode (37 bytes)
Event: 4,934 Thread 0x00007f90d80bd000 nmethod 2974 0x00007f90c99c18d0 code [0x00007f90c99c1a40, 0x00007f90c99c1cd8]
Event: 4,934 Thread 0x00007f90d80bd000 2975       4       com.android.dx.io.instructions.InstructionCodec$16::decode (58 bytes)
Event: 4,937 Thread 0x00007f90d80bd000 nmethod 2975 0x00007f90c99c12d0 code [0x00007f90c99c1440, 0x00007f90c99c1698]
Event: 4,937 Thread 0x00007f90d80bd000 2976       4       com.android.dx.merge.InstructionTransformer$StringVisitor::visit (63 bytes)
Event: 4,942 Thread 0x00007f90d80bd000 nmethod 2976 0x00007f90c99c4ed0 code [0x00007f90c99c5060, 0x00007f90c99c54b8]
Event: 4,955 Thread 0x00007f90d80ba000 nmethod 2945 0x00007f90c99cdd10 code [0x00007f90c99ce200, 0x00007f90c99d1ce0]

GC Heap History (10 events):
Event: 1,909 GC heap after
Heap after GC invocations=4 (full 0):
 PSYoungGen      total 34304K, used 2554K [0x00000000eab00000, 0x00000000ecf00000, 0x0000000100000000)
  eden space 31744K, 0% used [0x00000000eab00000,0x00000000eab00000,0x00000000eca00000)
  from space 2560K, 99% used [0x00000000ecc80000,0x00000000ecefe9c8,0x00000000ecf00000)
  to   space 2560K, 0% used [0x00000000eca00000,0x00000000eca00000,0x00000000ecc80000)
 ParOldGen       total 42496K, used 7276K [0x00000000c0000000, 0x00000000c2980000, 0x00000000eab00000)
  object space 42496K, 17% used [0x00000000c0000000,0x00000000c071b388,0x00000000c2980000)
 Metaspace       used 5615K, capacity 7024K, committed 7296K, reserved 1056768K
  class space    used 538K, capacity 616K, committed 640K, reserved 1048576K
}
Event: 2,187 GC heap before
{Heap before GC invocations=5 (full 0):
 PSYoungGen      total 34304K, used 34298K [0x00000000eab00000, 0x00000000ecf00000, 0x0000000100000000)
  eden space 31744K, 100% used [0x00000000eab00000,0x00000000eca00000,0x00000000eca00000)
  from space 2560K, 99% used [0x00000000ecc80000,0x00000000ecefe9c8,0x00000000ecf00000)
  to   space 2560K, 0% used [0x00000000eca00000,0x00000000eca00000,0x00000000ecc80000)
 ParOldGen       total 42496K, used 7276K [0x00000000c0000000, 0x00000000c2980000, 0x00000000eab00000)
  object space 42496K, 17% used [0x00000000c0000000,0x00000000c071b388,0x00000000c2980000)
 Metaspace       used 5671K, capacity 7088K, committed 7296K, reserved 1056768K
  class space    used 538K, capacity 616K, committed 640K, reserved 1048576K
Event: 2,213 GC heap after
Heap after GC invocations=5 (full 0):
 PSYoungGen      total 34304K, used 2537K [0x00000000eab00000, 0x00000000ef700000, 0x0000000100000000)
  eden space 31744K, 0% used [0x00000000eab00000,0x00000000eab00000,0x00000000eca00000)
  from space 2560K, 99% used [0x00000000eca00000,0x00000000ecc7a410,0x00000000ecc80000)
  to   space 7168K, 0% used [0x00000000ef000000,0x00000000ef000000,0x00000000ef700000)
 ParOldGen       total 42496K, used 11957K [0x00000000c0000000, 0x00000000c2980000, 0x00000000eab00000)
  object space 42496K, 28% used [0x00000000c0000000,0x00000000c0bad5b8,0x00000000c2980000)
 Metaspace       used 5671K, capacity 7088K, committed 7296K, reserved 1056768K
  class space    used 538K, capacity 616K, committed 640K, reserved 1048576K
}
Event: 2,558 GC heap before
{Heap before GC invocations=6 (full 0):
 PSYoungGen      total 34304K, used 34281K [0x00000000eab00000, 0x00000000ef700000, 0x0000000100000000)
  eden space 31744K, 100% used [0x00000000eab00000,0x00000000eca00000,0x00000000eca00000)
  from space 2560K, 99% used [0x00000000eca00000,0x00000000ecc7a410,0x00000000ecc80000)
  to   space 7168K, 0% used [0x00000000ef000000,0x00000000ef000000,0x00000000ef700000)
 ParOldGen       total 42496K, used 11957K [0x00000000c0000000, 0x00000000c2980000, 0x00000000eab00000)
  object space 42496K, 28% used [0x00000000c0000000,0x00000000c0bad5b8,0x00000000c2980000)
 Metaspace       used 6154K, capacity 7280K, committed 7552K, reserved 1056768K
  class space    used 583K, capacity 616K, committed 640K, reserved 1048576K
Event: 2,985 GC heap after
Heap after GC invocations=6 (full 0):
 PSYoungGen      total 67584K, used 7147K [0x00000000eab00000, 0x00000000efd00000, 0x0000000100000000)
  eden space 60416K, 0% used [0x00000000eab00000,0x00000000eab00000,0x00000000ee600000)
  from space 7168K, 99% used [0x00000000ef000000,0x00000000ef6fae70,0x00000000ef700000)
  to   space 10240K, 0% used [0x00000000ee600000,0x00000000ee600000,0x00000000ef000000)
 ParOldGen       total 42496K, used 15282K [0x00000000c0000000, 0x00000000c2980000, 0x00000000eab00000)
  object space 42496K, 35% used [0x00000000c0000000,0x00000000c0eec8b0,0x00000000c2980000)
 Metaspace       used 6154K, capacity 7280K, committed 7552K, reserved 1056768K
  class space    used 583K, capacity 616K, committed 640K, reserved 1048576K
}
Event: 3,708 GC heap before
{Heap before GC invocations=7 (full 0):
 PSYoungGen      total 67584K, used 67563K [0x00000000eab00000, 0x00000000efd00000, 0x0000000100000000)
  eden space 60416K, 100% used [0x00000000eab00000,0x00000000ee600000,0x00000000ee600000)
  from space 7168K, 99% used [0x00000000ef000000,0x00000000ef6fae70,0x00000000ef700000)
  to   space 10240K, 0% used [0x00000000ee600000,0x00000000ee600000,0x00000000ef000000)
 ParOldGen       total 42496K, used 15282K [0x00000000c0000000, 0x00000000c2980000, 0x00000000eab00000)
  object space 42496K, 35% used [0x00000000c0000000,0x00000000c0eec8b0,0x00000000c2980000)
 Metaspace       used 7607K, capacity 8184K, committed 8448K, reserved 1056768K
  class space    used 720K, capacity 752K, committed 768K, reserved 1048576K
Event: 3,734 GC heap after
Heap after GC invocations=7 (full 0):
 PSYoungGen      total 70656K, used 10228K [0x00000000eab00000, 0x00000000f3e00000, 0x0000000100000000)
  eden space 60416K, 0% used [0x00000000eab00000,0x00000000eab00000,0x00000000ee600000)
  from space 10240K, 99% used [0x00000000ee600000,0x00000000eeffd198,0x00000000ef000000)
  to   space 14848K, 0% used [0x00000000f2f80000,0x00000000f2f80000,0x00000000f3e00000)
 ParOldGen       total 42496K, used 21748K [0x00000000c0000000, 0x00000000c2980000, 0x00000000eab00000)
  object space 42496K, 51% used [0x00000000c0000000,0x00000000c153d258,0x00000000c2980000)
 Metaspace       used 7607K, capacity 8184K, committed 8448K, reserved 1056768K
  class space    used 720K, capacity 752K, committed 768K, reserved 1048576K
}
Event: 3,888 GC heap before
{Heap before GC invocations=8 (full 0):
 PSYoungGen      total 70656K, used 70644K [0x00000000eab00000, 0x00000000f3e00000, 0x0000000100000000)
  eden space 60416K, 100% used [0x00000000eab00000,0x00000000ee600000,0x00000000ee600000)
  from space 10240K, 99% used [0x00000000ee600000,0x00000000eeffd198,0x00000000ef000000)
  to   space 14848K, 0% used [0x00000000f2f80000,0x00000000f2f80000,0x00000000f3e00000)
 ParOldGen       total 42496K, used 21748K [0x00000000c0000000, 0x00000000c2980000, 0x00000000eab00000)
  object space 42496K, 51% used [0x00000000c0000000,0x00000000c153d258,0x00000000c2980000)
 Metaspace       used 7624K, capacity 8184K, committed 8448K, reserved 1056768K
  class space    used 720K, capacity 752K, committed 768K, reserved 1048576K
Event: 4,285 GC heap after
Heap after GC invocations=8 (full 0):
 PSYoungGen      total 133632K, used 13855K [0x00000000eab00000, 0x00000000f4200000, 0x0000000100000000)
  eden space 118784K, 0% used [0x00000000eab00000,0x00000000eab00000,0x00000000f1f00000)
  from space 14848K, 93% used [0x00000000f2f80000,0x00000000f3d07d40,0x00000000f3e00000)
  to   space 16896K, 0% used [0x00000000f1f00000,0x00000000f1f00000,0x00000000f2f80000)
 ParOldGen       total 42496K, used 30678K [0x00000000c0000000, 0x00000000c2980000, 0x00000000eab00000)
  object space 42496K, 72% used [0x00000000c0000000,0x00000000c1df58c8,0x00000000c2980000)
 Metaspace       used 7624K, capacity 8184K, committed 8448K, reserved 1056768K
  class space    used 720K, capacity 752K, committed 768K, reserved 1048576K
}
Event: 4,968 GC heap before
{Heap before GC invocations=9 (full 0):
 PSYoungGen      total 133632K, used 132639K [0x00000000eab00000, 0x00000000f4200000, 0x0000000100000000)
  eden space 118784K, 100% used [0x00000000eab00000,0x00000000f1f00000,0x00000000f1f00000)
  from space 14848K, 93% used [0x00000000f2f80000,0x00000000f3d07d40,0x00000000f3e00000)
  to   space 16896K, 0% used [0x00000000f1f00000,0x00000000f1f00000,0x00000000f2f80000)
 ParOldGen       total 42496K, used 30678K [0x00000000c0000000, 0x00000000c2980000, 0x00000000eab00000)
  object space 42496K, 72% used [0x00000000c0000000,0x00000000c1df58c8,0x00000000c2980000)
 Metaspace       used 7652K, capacity 8184K, committed 8448K, reserved 1056768K
  class space    used 720K, capacity 752K, committed 768K, reserved 1048576K

Deoptimization events (10 events):
Event: 3,143 Thread 0x00007f90d800a800 Uncommon trap: reason=unstable_if action=reinterpret pc=0x00007f90c92d1a58 method=java.util.Arrays.copyOf([Ljava/lang/Object;ILjava/lang/Class;)[Ljava/lang/Object; @ 3
Event: 3,153 Thread 0x00007f90d800a800 Uncommon trap: reason=class_check action=maybe_recompile pc=0x00007f90c9664494 method=java.util.HashMap.putVal(ILjava/lang/Object;Ljava/lang/Object;ZZ)Ljava/lang/Object; @ 56
Event: 3,153 Thread 0x00007f90d800a800 Uncommon trap: reason=class_check action=maybe_recompile pc=0x00007f90c9664494 method=java.util.HashMap.putVal(ILjava/lang/Object;Ljava/lang/Object;ZZ)Ljava/lang/Object; @ 56
Event: 3,158 Thread 0x00007f90d800a800 Uncommon trap: reason=bimorphic action=maybe_recompile pc=0x00007f90c9229ae4 method=java.util.HashMap.getNode(ILjava/lang/Object;)Ljava/util/HashMap$Node; @ 126
Event: 3,254 Thread 0x00007f90d800a800 Uncommon trap: reason=unstable_if action=reinterpret pc=0x00007f90c970b23c method=com.android.dx.util.ByteArrayAnnotatedOutput.ensureCapacity(I)V @ 6
Event: 3,295 Thread 0x00007f90d800a800 Uncommon trap: reason=unstable_if action=reinterpret pc=0x00007f90c922da2c method=java.util.HashMap.getNode(ILjava/lang/Object;)Ljava/util/HashMap$Node; @ 84
Event: 3,398 Thread 0x00007f90d800a800 Uncommon trap: reason=unstable_if action=reinterpret pc=0x00007f90c9805540 method=java.util.HashMap.putVal(ILjava/lang/Object;Ljava/lang/Object;ZZ)Ljava/lang/Object; @ 162
Event: 3,458 Thread 0x00007f90d800a800 Uncommon trap: reason=predicate action=maybe_recompile pc=0x00007f90c9869f88 method=com.android.dex.Leb128.readUnsignedLeb128(Lcom/android/dex/util/ByteInput;)I @ 41
Event: 4,562 Thread 0x00007f90d800a800 Uncommon trap: reason=unstable_if action=reinterpret pc=0x00007f90c922a89c method=java.lang.Long.numberOfTrailingZeros(J)I @ 3
Event: 4,830 Thread 0x00007f90d800a800 Uncommon trap: reason=predicate action=maybe_recompile pc=0x00007f90c9982678 method=java.util.TimSort.binarySort([Ljava/lang/Object;IIILjava/util/Comparator;)V @ 37

Internal exceptions (5 events):
Event: 0,112 Thread 0x00007f90d800a800 Exception <a 'java/lang/NoSuchMethodError': Method sun.misc.Unsafe.defineClass(Ljava/lang/String;[BII)Ljava/lang/Class; name or signature does not match> (0x00000000eab12b98) thrown at [/HUDSON/workspace/8-2-build-linux-amd64/jdk8u60/4407/hotspot/src/shar
Event: 0,113 Thread 0x00007f90d800a800 Exception <a 'java/lang/NoSuchMethodError': Method sun.misc.Unsafe.prefetchRead(Ljava/lang/Object;J)V name or signature does not match> (0x00000000eab12e80) thrown at [/HUDSON/workspace/8-2-build-linux-amd64/jdk8u60/4407/hotspot/src/share/vm/prims/jni.cpp
Event: 1,220 Thread 0x00007f90d800a800 Implicit null exception at 0x00007f90c92d1d62 to 0x00007f90c92d1e53
Event: 1,223 Thread 0x00007f90d800a800 Implicit null exception at 0x00007f90c92c90ee to 0x00007f90c92cb695
Event: 2,472 Thread 0x00007f90d800a800 Exception <a 'java/lang/ArrayIndexOutOfBoundsException': 18> (0x00000000ec8aa468) thrown at [/HUDSON/workspace/8-2-build-linux-amd64/jdk8u60/4407/hotspot/src/share/vm/interpreter/interpreterRuntime.cpp, line 366]

Events (10 events):
Event: 4,699 Thread 0x00007f90d800a800 DEOPT PACKING pc=0x00007f90c98cdef9 sp=0x00007f90df77d4c0
Event: 4,699 Thread 0x00007f90d800a800 DEOPT UNPACKING pc=0x00007f90c9047233 sp=0x00007f90df77d260 mode 0
Event: 4,764 Thread 0x00007f90d800a800 DEOPT PACKING pc=0x00007f90c98bbd9a sp=0x00007f90df77d3e0
Event: 4,764 Thread 0x00007f90d800a800 DEOPT UNPACKING pc=0x00007f90c9047233 sp=0x00007f90df77d108 mode 0
Event: 4,781 Thread 0x00007f90d800a800 DEOPT PACKING pc=0x00007f90c98a52e4 sp=0x00007f90df77d390
Event: 4,781 Thread 0x00007f90d800a800 DEOPT UNPACKING pc=0x00007f90c9047233 sp=0x00007f90df77d0d0 mode 0
Event: 4,830 Thread 0x00007f90d800a800 Uncommon trap: trap_request=0xffffff86 fr.pc=0x00007f90c9982678
Event: 4,830 Thread 0x00007f90d800a800 DEOPT PACKING pc=0x00007f90c9982678 sp=0x00007f90df77d340
Event: 4,830 Thread 0x00007f90d800a800 DEOPT UNPACKING pc=0x00007f90c9005229 sp=0x00007f90df77d308 mode 2
Event: 4,948 Executing VM operation: ParallelGCFailedAllocation


Dynamic libraries:
00400000-00401000 r-xp 00000000 08:01 2642429                            /usr/lib/jvm/java-8-oracle/bin/java
00600000-00601000 rw-p 00000000 08:01 2642429                            /usr/lib/jvm/java-8-oracle/bin/java
00fb3000-00fd4000 rw-p 00000000 00:00 0                                  [heap]
c0000000-c2980000 rw-p 00000000 00:00 0 
c2980000-eab00000 ---p 00000000 00:00 0 
eab00000-f4200000 rw-p 00000000 00:00 0 
f8e00000-100000000 ---p 00000000 00:00 0 
100000000-1000c0000 rw-p 00000000 00:00 0 
1000c0000-140000000 ---p 00000000 00:00 0 
7f9084000000-7f9084021000 rw-p 00000000 00:00 0 
7f9084021000-7f9088000000 ---p 00000000 00:00 0 
7f908c000000-7f908c810000 rw-p 00000000 00:00 0 
7f908c810000-7f9090000000 ---p 00000000 00:00 0 
7f9090000000-7f9090021000 rw-p 00000000 00:00 0 
7f9090021000-7f9094000000 ---p 00000000 00:00 0 
7f9094000000-7f9094892000 rw-p 00000000 00:00 0 
7f9094892000-7f9098000000 ---p 00000000 00:00 0 
7f9098000000-7f9098a1e000 rw-p 00000000 00:00 0 
7f9098a1e000-7f909c000000 ---p 00000000 00:00 0 
7f909c000000-7f909c021000 rw-p 00000000 00:00 0 
7f909c021000-7f90a0000000 ---p 00000000 00:00 0 
7f90a0000000-7f90a0021000 rw-p 00000000 00:00 0 
7f90a0021000-7f90a4000000 ---p 00000000 00:00 0 
7f90a4000000-7f90a428b000 rw-p 00000000 00:00 0 
7f90a428b000-7f90a8000000 ---p 00000000 00:00 0 
7f90a8000000-7f90a8021000 rw-p 00000000 00:00 0 
7f90a8021000-7f90ac000000 ---p 00000000 00:00 0 
7f90ac000000-7f90ac021000 rw-p 00000000 00:00 0 
7f90ac021000-7f90b0000000 ---p 00000000 00:00 0 
7f90b4000000-7f90b4021000 rw-p 00000000 00:00 0 
7f90b4021000-7f90b8000000 ---p 00000000 00:00 0 
7f90bc000000-7f90bc021000 rw-p 00000000 00:00 0 
7f90bc021000-7f90c0000000 ---p 00000000 00:00 0 
7f90c00f6000-7f90c0105000 r--s 000dd000 08:01 532295                     /home/fokko/Android/Sdk/build-tools/22.0.1/lib/dx.jar
7f90c0105000-7f90c0106000 ---p 00000000 00:00 0 
7f90c0106000-7f90c0206000 rw-p 00000000 00:00 0                          [stack:8813]
7f90c0206000-7f90c0209000 ---p 00000000 00:00 0 
7f90c0209000-7f90c0307000 rw-p 00000000 00:00 0                          [stack:8812]
7f90c0307000-7f90c030a000 ---p 00000000 00:00 0 
7f90c030a000-7f90c0408000 rw-p 00000000 00:00 0                          [stack:8811]
7f90c0408000-7f90c040b000 ---p 00000000 00:00 0 
7f90c040b000-7f90c0509000 rw-p 00000000 00:00 0                          [stack:8810]
7f90c0509000-7f90c050c000 ---p 00000000 00:00 0 
7f90c050c000-7f90c060a000 rw-p 00000000 00:00 0                          [stack:8809]
7f90c060a000-7f90c060d000 ---p 00000000 00:00 0 
7f90c060d000-7f90c070b000 rw-p 00000000 00:00 0                          [stack:8808]
7f90c070b000-7f90c0dee000 r--p 00000000 08:01 2628420                    /usr/lib/locale/locale-archive
7f90c0dee000-7f90c0df1000 ---p 00000000 00:00 0 
7f90c0df1000-7f90c0eef000 rw-p 00000000 00:00 0                          [stack:8807]
7f90c0eef000-7f90c0ef2000 ---p 00000000 00:00 0 
7f90c0ef2000-7f90c0ff0000 rw-p 00000000 00:00 0                          [stack:8806]
7f90c0ff0000-7f90c0ff1000 ---p 00000000 00:00 0 
7f90c0ff1000-7f90c4000000 rw-p 00000000 00:00 0                          [stack:8805]
7f90c4000000-7f90c4021000 rw-p 00000000 00:00 0 
7f90c4021000-7f90c8000000 ---p 00000000 00:00 0 
7f90c8003000-7f90c8024000 rw-p 00000000 00:00 0 
7f90c8024000-7f90c81fc000 r--s 03d17000 08:01 2631796                    /usr/lib/jvm/java-8-oracle/jre/lib/rt.jar
7f90c81fc000-7f90c897c000 rw-p 00000000 00:00 0 
7f90c897c000-7f90c89fc000 ---p 00000000 00:00 0 
7f90c89fc000-7f90c8bfc000 rw-p 00000000 00:00 0 
7f90c8bfc000-7f90c8bfd000 ---p 00000000 00:00 0 
7f90c8bfd000-7f90c8cfd000 rw-p 00000000 00:00 0                          [stack:8804]
7f90c8cfd000-7f90c8cfe000 ---p 00000000 00:00 0 
7f90c8cfe000-7f90c8dfe000 rw-p 00000000 00:00 0                          [stack:8803]
7f90c8dfe000-7f90c8dff000 ---p 00000000 00:00 0 
7f90c8dff000-7f90c8eff000 rw-p 00000000 00:00 0                          [stack:8802]
7f90c8eff000-7f90c8f00000 ---p 00000000 00:00 0 
7f90c8f00000-7f90c9000000 rw-p 00000000 00:00 0                          [stack:8801]
7f90c9000000-7f90c99e0000 rwxp 00000000 00:00 0 
7f90c99e0000-7f90d8000000 ---p 00000000 00:00 0 
7f90d8000000-7f90d8392000 rw-p 00000000 00:00 0 
7f90d8392000-7f90dc000000 ---p 00000000 00:00 0 
7f90dc000000-7f90dc10f000 rw-p 00000000 00:00 0 
7f90dc10f000-7f90dc250000 ---p 00000000 00:00 0 
7f90dc250000-7f90dc265000 rw-p 00000000 00:00 0 
7f90dc265000-7f90dc3a5000 ---p 00000000 00:00 0 
7f90dc3a5000-7f90dc3f1000 rw-p 00000000 00:00 0 
7f90dc3f1000-7f90dc450000 ---p 00000000 00:00 0 
7f90dc450000-7f90dc479000 rw-p 00000000 00:00 0 
7f90dc479000-7f90dc811000 ---p 00000000 00:00 0 
7f90dc811000-7f90dc82b000 r-xp 00000000 08:01 2631462                    /usr/lib/jvm/java-8-oracle/jre/lib/amd64/libzip.so
7f90dc82b000-7f90dca2b000 ---p 0001a000 08:01 2631462                    /usr/lib/jvm/java-8-oracle/jre/lib/amd64/libzip.so
7f90dca2b000-7f90dca2c000 rw-p 0001a000 08:01 2631462                    /usr/lib/jvm/java-8-oracle/jre/lib/amd64/libzip.so
7f90dca2c000-7f90dca37000 r-xp 00000000 08:01 1835111                    /lib/x86_64-linux-gnu/libnss_files-2.19.so
7f90dca37000-7f90dcc36000 ---p 0000b000 08:01 1835111                    /lib/x86_64-linux-gnu/libnss_files-2.19.so
7f90dcc36000-7f90dcc37000 r--p 0000a000 08:01 1835111                    /lib/x86_64-linux-gnu/libnss_files-2.19.so
7f90dcc37000-7f90dcc38000 rw-p 0000b000 08:01 1835111                    /lib/x86_64-linux-gnu/libnss_files-2.19.so
7f90dcc38000-7f90dcc43000 r-xp 00000000 08:01 1835247                    /lib/x86_64-linux-gnu/libnss_nis-2.19.so
7f90dcc43000-7f90dce42000 ---p 0000b000 08:01 1835247                    /lib/x86_64-linux-gnu/libnss_nis-2.19.so
7f90dce42000-7f90dce43000 r--p 0000a000 08:01 1835247                    /lib/x86_64-linux-gnu/libnss_nis-2.19.so
7f90dce43000-7f90dce44000 rw-p 0000b000 08:01 1835247                    /lib/x86_64-linux-gnu/libnss_nis-2.19.so
7f90dce44000-7f90dce5b000 r-xp 00000000 08:01 1835198                    /lib/x86_64-linux-gnu/libnsl-2.19.so
7f90dce5b000-7f90dd05a000 ---p 00017000 08:01 1835198                    /lib/x86_64-linux-gnu/libnsl-2.19.so
7f90dd05a000-7f90dd05b000 r--p 00016000 08:01 1835198                    /lib/x86_64-linux-gnu/libnsl-2.19.so
7f90dd05b000-7f90dd05c000 rw-p 00017000 08:01 1835198                    /lib/x86_64-linux-gnu/libnsl-2.19.so
7f90dd05c000-7f90dd05e000 rw-p 00000000 00:00 0 
7f90dd05e000-7f90dd067000 r-xp 00000000 08:01 1835197                    /lib/x86_64-linux-gnu/libnss_compat-2.19.so
7f90dd067000-7f90dd266000 ---p 00009000 08:01 1835197                    /lib/x86_64-linux-gnu/libnss_compat-2.19.so
7f90dd266000-7f90dd267000 r--p 00008000 08:01 1835197                    /lib/x86_64-linux-gnu/libnss_compat-2.19.so
7f90dd267000-7f90dd268000 rw-p 00009000 08:01 1835197                    /lib/x86_64-linux-gnu/libnss_compat-2.19.so
7f90dd268000-7f90dd292000 r-xp 00000000 08:01 2631399                    /usr/lib/jvm/java-8-oracle/jre/lib/amd64/libjava.so
7f90dd292000-7f90dd492000 ---p 0002a000 08:01 2631399                    /usr/lib/jvm/java-8-oracle/jre/lib/amd64/libjava.so
7f90dd492000-7f90dd494000 rw-p 0002a000 08:01 2631399                    /usr/lib/jvm/java-8-oracle/jre/lib/amd64/libjava.so
7f90dd494000-7f90dd4a1000 r-xp 00000000 08:01 2631445                    /usr/lib/jvm/java-8-oracle/jre/lib/amd64/libverify.so
7f90dd4a1000-7f90dd6a1000 ---p 0000d000 08:01 2631445                    /usr/lib/jvm/java-8-oracle/jre/lib/amd64/libverify.so
7f90dd6a1000-7f90dd6a3000 rw-p 0000d000 08:01 2631445                    /usr/lib/jvm/java-8-oracle/jre/lib/amd64/libverify.so
7f90dd6a3000-7f90dd6aa000 r-xp 00000000 08:01 1835241                    /lib/x86_64-linux-gnu/librt-2.19.so
7f90dd6aa000-7f90dd8a9000 ---p 00007000 08:01 1835241                    /lib/x86_64-linux-gnu/librt-2.19.so
7f90dd8a9000-7f90dd8aa000 r--p 00006000 08:01 1835241                    /lib/x86_64-linux-gnu/librt-2.19.so
7f90dd8aa000-7f90dd8ab000 rw-p 00007000 08:01 1835241                    /lib/x86_64-linux-gnu/librt-2.19.so
7f90dd8ab000-7f90dd9b0000 r-xp 00000000 08:01 1835109                    /lib/x86_64-linux-gnu/libm-2.19.so
7f90dd9b0000-7f90ddbaf000 ---p 00105000 08:01 1835109                    /lib/x86_64-linux-gnu/libm-2.19.so
7f90ddbaf000-7f90ddbb0000 r--p 00104000 08:01 1835109                    /lib/x86_64-linux-gnu/libm-2.19.so
7f90ddbb0000-7f90ddbb1000 rw-p 00105000 08:01 1835109                    /lib/x86_64-linux-gnu/libm-2.19.so
7f90ddbb1000-7f90de86f000 r-xp 00000000 08:01 2631450                    /usr/lib/jvm/java-8-oracle/jre/lib/amd64/server/libjvm.so
7f90de86f000-7f90dea6e000 ---p 00cbe000 08:01 2631450                    /usr/lib/jvm/java-8-oracle/jre/lib/amd64/server/libjvm.so
7f90dea6e000-7f90deb46000 rw-p 00cbd000 08:01 2631450                    /usr/lib/jvm/java-8-oracle/jre/lib/amd64/server/libjvm.so
7f90deb46000-7f90deb8b000 rw-p 00000000 00:00 0 
7f90deb8b000-7f90ded46000 r-xp 00000000 08:01 1835233                    /lib/x86_64-linux-gnu/libc-2.19.so
7f90ded46000-7f90def45000 ---p 001bb000 08:01 1835233                    /lib/x86_64-linux-gnu/libc-2.19.so
7f90def45000-7f90def49000 r--p 001ba000 08:01 1835233                    /lib/x86_64-linux-gnu/libc-2.19.so
7f90def49000-7f90def4b000 rw-p 001be000 08:01 1835233                    /lib/x86_64-linux-gnu/libc-2.19.so
7f90def4b000-7f90def50000 rw-p 00000000 00:00 0 
7f90def50000-7f90def53000 r-xp 00000000 08:01 1835189                    /lib/x86_64-linux-gnu/libdl-2.19.so
7f90def53000-7f90df152000 ---p 00003000 08:01 1835189                    /lib/x86_64-linux-gnu/libdl-2.19.so
7f90df152000-7f90df153000 r--p 00002000 08:01 1835189                    /lib/x86_64-linux-gnu/libdl-2.19.so
7f90df153000-7f90df154000 rw-p 00003000 08:01 1835189                    /lib/x86_64-linux-gnu/libdl-2.19.so
7f90df154000-7f90df169000 r-xp 00000000 08:01 2632401                    /usr/lib/jvm/java-8-oracle/lib/amd64/jli/libjli.so
7f90df169000-7f90df369000 ---p 00015000 08:01 2632401                    /usr/lib/jvm/java-8-oracle/lib/amd64/jli/libjli.so
7f90df369000-7f90df36a000 rw-p 00015000 08:01 2632401                    /usr/lib/jvm/java-8-oracle/lib/amd64/jli/libjli.so
7f90df36a000-7f90df383000 r-xp 00000000 08:01 1835235                    /lib/x86_64-linux-gnu/libpthread-2.19.so
7f90df383000-7f90df582000 ---p 00019000 08:01 1835235                    /lib/x86_64-linux-gnu/libpthread-2.19.so
7f90df582000-7f90df583000 r--p 00018000 08:01 1835235                    /lib/x86_64-linux-gnu/libpthread-2.19.so
7f90df583000-7f90df584000 rw-p 00019000 08:01 1835235                    /lib/x86_64-linux-gnu/libpthread-2.19.so
7f90df584000-7f90df588000 rw-p 00000000 00:00 0 
7f90df588000-7f90df5ab000 r-xp 00000000 08:01 1835202                    /lib/x86_64-linux-gnu/ld-2.19.so
7f90df5ac000-7f90df67e000 rw-p 00000000 00:00 0 
7f90df67e000-7f90df681000 ---p 00000000 00:00 0 
7f90df681000-7f90df783000 rw-p 00000000 00:00 0                          [stack:8800]
7f90df785000-7f90df786000 rw-p 00000000 00:00 0 
7f90df786000-7f90df78a000 r--s 00095000 08:01 2625089                    /usr/lib/jvm/java-8-oracle/jre/lib/jsse.jar
7f90df78a000-7f90df79e000 rw-p 00000000 00:00 0 
7f90df79e000-7f90df7a6000 rw-s 00000000 08:01 658448                     /tmp/hsperfdata_fokko/8796
7f90df7a6000-7f90df7a7000 rw-p 00000000 00:00 0 
7f90df7a7000-7f90df7a8000 ---p 00000000 00:00 0 
7f90df7a8000-7f90df7aa000 rw-p 00000000 00:00 0 
7f90df7aa000-7f90df7ab000 r--p 00022000 08:01 1835202                    /lib/x86_64-linux-gnu/ld-2.19.so
7f90df7ab000-7f90df7ac000 rw-p 00023000 08:01 1835202                    /lib/x86_64-linux-gnu/ld-2.19.so
7f90df7ac000-7f90df7ad000 rw-p 00000000 00:00 0 
7ffdf48e6000-7ffdf4908000 rw-p 00000000 00:00 0                          [stack]
7ffdf497f000-7ffdf4981000 r-xp 00000000 00:00 0                          [vdso]
ffffffffff600000-ffffffffff601000 r-xp 00000000 00:00 0                  [vsyscall]

VM Arguments:
jvm_args: -Xmx1024M -Dfile.encoding=UTF-8 -Duser.country=US -Duser.language=en -Duser.variant 
java_command: com.android.dx.command.Main --dex --output /home/fokko/Desktop/Enliter/app/build/intermediates/dex/debug /home/fokko/Desktop/Enliter/app/build/intermediates/classes/debug /home/fokko/Desktop/Enliter/app/build/intermediates/pre-dexed/debug/support-annotations-22.2.1-22a134207d962fae601a894ee1d799b5b879714f.jar /home/fokko/Desktop/Enliter/app/build/intermediates/pre-dexed/debug/gson-2.3-da8e1b0ebb418a966e907014d2e9e46c21da94f5.jar /home/fokko/Desktop/Enliter/app/build/intermediates/pre-dexed/debug/internal_impl-22.2.1-86bb20d4531f2e2252d71a157b276ace8de55bd6.jar /home/fokko/Desktop/Enliter/app/build/intermediates/pre-dexed/debug/org.eclipse.paho.client.mqttv3-1.0.2-d3465bf305bf322472969024276cec59f0d847fc.jar /home/fokko/Desktop/Enliter/app/build/intermediates/pre-dexed/debug/commons-collections4-4.0-94c4569eebd1ceff35d7801be75f230c32029614.jar /home/fokko/Desktop/Enliter/app/build/intermediates/pre-dexed/debug/protobuf-java-2.6.1-a6fb41e1c6f1d360a263f4ef8385ecb4055ad4bb.jar /home/fokko/Desktop/Enliter/app/build/intermediates/pre-dexed/debug/classes-66a2fec89004276681368e4ee76d03f936011de4.jar /home/fokko/Desktop/Enliter/app/build/intermediates/pre-dexed/debug/joda-time-2.5-6f3365c1bb447337b0356287fe03f1c4e217ee26.jar /home/fokko/Desktop/Enliter/app/build/intermediates/pre-dexed/debug/commons-math3-3.5-e7ff033c2be2c388af83f5fd3aea6e04ba96c0c1.jar
java_class_path (initial): /home/fokko/Android/Sdk/build-tools/22.0.1/lib/dx.jar
Launcher Type: SUN_STANDARD

Environment Variables:
JAVA_HOME=/usr/lib/jvm/java-8-oracle
PATH=/home/fokko/bin:/usr/local/sbin:/usr/local/bin:/usr/sbin:/usr/bin:/sbin:/bin:/usr/games:/usr/local/games:/usr/lib/jvm/java-8-oracle/bin:/usr/lib/jvm/java-8-oracle/db/bin:/usr/lib/jvm/java-8-oracle/jre/bin:/home/fokko/bin:/opt/gradle-2.1//bin
LD_LIBRARY_PATH=.:
SHELL=/bin/bash
DISPLAY=:0

Signal Handlers:
SIGSEGV: [libjvm.so+0xaba070], sa_mask[0]=11111111011111111101111111111110, sa_flags=SA_RESTART|SA_SIGINFO
SIGBUS: [libjvm.so+0xaba070], sa_mask[0]=11111111011111111101111111111110, sa_flags=SA_RESTART|SA_SIGINFO
SIGFPE: [libjvm.so+0x917630], sa_mask[0]=11111111011111111101111111111110, sa_flags=SA_RESTART|SA_SIGINFO
SIGPIPE: [libjvm.so+0x917630], sa_mask[0]=11111111011111111101111111111110, sa_flags=SA_RESTART|SA_SIGINFO
SIGXFSZ: [libjvm.so+0x917630], sa_mask[0]=11111111011111111101111111111110, sa_flags=SA_RESTART|SA_SIGINFO
SIGILL: [libjvm.so+0x917630], sa_mask[0]=11111111011111111101111111111110, sa_flags=SA_RESTART|SA_SIGINFO
SIGUSR1: SIG_DFL, sa_mask[0]=00000000000000000000000000000000, sa_flags=none
SIGUSR2: [libjvm.so+0x918c60], sa_mask[0]=00100000000000000000000000000000, sa_flags=SA_RESTART|SA_SIGINFO
SIGHUP: [libjvm.so+0x91a060], sa_mask[0]=11111111011111111101111111111110, sa_flags=SA_RESTART|SA_SIGINFO
SIGINT: [libjvm.so+0x91a060], sa_mask[0]=11111111011111111101111111111110, sa_flags=SA_RESTART|SA_SIGINFO
SIGTERM: [libjvm.so+0x91a060], sa_mask[0]=11111111011111111101111111111110, sa_flags=SA_RESTART|SA_SIGINFO
SIGQUIT: [libjvm.so+0x91a060], sa_mask[0]=11111111011111111101111111111110, sa_flags=SA_RESTART|SA_SIGINFO


---------------  S Y S T E M  ---------------

OS:DISTRIB_ID=Ubuntu
DISTRIB_RELEASE=14.04
DISTRIB_CODENAME=trusty
DISTRIB_DESCRIPTION="Ubuntu 14.04.3 LTS"

uname:Linux 3.13.0-55-generic #94-Ubuntu SMP Thu Jun 18 00:27:10 UTC 2015 x86_64
libc:glibc 2.19 NPTL 2.19 
rlimit: STACK 8192k, CORE 0k, NPROC 31388, NOFILE 4096, AS infinity
load average:3,59 1,88 1,56

/proc/meminfo:
MemTotal:        4039328 kB
MemFree:           97880 kB
Buffers:             204 kB
Cached:           138724 kB
SwapCached:        18028 kB
Active:          2784272 kB
Inactive:         823268 kB
Active(anon):    2783116 kB
Inactive(anon):   795828 kB
Active(file):       1156 kB
Inactive(file):    27440 kB
Unevictable:         552 kB
Mlocked:             552 kB
SwapTotal:       4185084 kB
SwapFree:              0 kB
Dirty:                28 kB
Writeback:             0 kB
AnonPages:       3454924 kB
Mapped:           178912 kB
Shmem:            109744 kB
Slab:             100800 kB
SReclaimable:      46180 kB
SUnreclaim:        54620 kB
KernelStack:        8104 kB
PageTables:        84176 kB
NFS_Unstable:          0 kB
Bounce:                0 kB
WritebackTmp:          0 kB
CommitLimit:     6204748 kB
Committed_AS:   16233460 kB
VmallocTotal:   34359738367 kB
VmallocUsed:      115236 kB
VmallocChunk:   34359617532 kB
HardwareCorrupted:     0 kB
AnonHugePages:    368640 kB
HugePages_Total:       0
HugePages_Free:        0
HugePages_Rsvd:        0
HugePages_Surp:        0
Hugepagesize:       2048 kB
DirectMap4k:      386944 kB
DirectMap2M:     3799040 kB


CPU:total 4 (4 cores per cpu, 1 threads per core) family 6 model 30 stepping 5, cmov, cx8, fxsr, mmx, sse, sse2, sse3, ssse3, sse4.1, sse4.2, popcnt, tsc, tscinvbit

/proc/cpuinfo:
processor	: 0
vendor_id	: GenuineIntel
cpu family	: 6
model		: 30
model name	: Intel(R) Core(TM) i5 CPU         750  @ 2.67GHz
stepping	: 5
microcode	: 0x4
cpu MHz		: 2661.000
cache size	: 8192 KB
physical id	: 0
siblings	: 4
core id		: 0
cpu cores	: 4
apicid		: 0
initial apicid	: 0
fpu		: yes
fpu_exception	: yes
cpuid level	: 11
wp		: yes
flags		: fpu vme de pse tsc msr pae mce cx8 apic sep mtrr pge mca cmov pat pse36 clflush dts acpi mmx fxsr sse sse2 ss ht tm pbe syscall nx rdtscp lm constant_tsc arch_perfmon pebs bts rep_good nopl xtopology nonstop_tsc aperfmperf pni dtes64 monitor ds_cpl vmx smx est tm2 ssse3 cx16 xtpr pdcm sse4_1 sse4_2 popcnt lahf_lm ida dtherm tpr_shadow vnmi flexpriority ept vpid
bogomips	: 5329.52
clflush size	: 64
cache_alignment	: 64
address sizes	: 36 bits physical, 48 bits virtual
power management:

processor	: 1
vendor_id	: GenuineIntel
cpu family	: 6
model		: 30
model name	: Intel(R) Core(TM) i5 CPU         750  @ 2.67GHz
stepping	: 5
microcode	: 0x4
cpu MHz		: 2661.000
cache size	: 8192 KB
physical id	: 0
siblings	: 4
core id		: 1
cpu cores	: 4
apicid		: 2
initial apicid	: 2
fpu		: yes
fpu_exception	: yes
cpuid level	: 11
wp		: yes
flags		: fpu vme de pse tsc msr pae mce cx8 apic sep mtrr pge mca cmov pat pse36 clflush dts acpi mmx fxsr sse sse2 ss ht tm pbe syscall nx rdtscp lm constant_tsc arch_perfmon pebs bts rep_good nopl xtopology nonstop_tsc aperfmperf pni dtes64 monitor ds_cpl vmx smx est tm2 ssse3 cx16 xtpr pdcm sse4_1 sse4_2 popcnt lahf_lm ida dtherm tpr_shadow vnmi flexpriority ept vpid
bogomips	: 5329.52
clflush size	: 64
cache_alignment	: 64
address sizes	: 36 bits physical, 48 bits virtual
power management:

processor	: 2
vendor_id	: GenuineIntel
cpu family	: 6
model		: 30
model name	: Intel(R) Core(TM) i5 CPU         750  @ 2.67GHz
stepping	: 5
microcode	: 0x4
cpu MHz		: 2661.000
cache size	: 8192 KB
physical id	: 0
siblings	: 4
core id		: 2
cpu cores	: 4
apicid		: 4
initial apicid	: 4
fpu		: yes
fpu_exception	: yes
cpuid level	: 11
wp		: yes
flags		: fpu vme de pse tsc msr pae mce cx8 apic sep mtrr pge mca cmov pat pse36 clflush dts acpi mmx fxsr sse sse2 ss ht tm pbe syscall nx rdtscp lm constant_tsc arch_perfmon pebs bts rep_good nopl xtopology nonstop_tsc aperfmperf pni dtes64 monitor ds_cpl vmx smx est tm2 ssse3 cx16 xtpr pdcm sse4_1 sse4_2 popcnt lahf_lm ida dtherm tpr_shadow vnmi flexpriority ept vpid
bogomips	: 5329.52
clflush size	: 64
cache_alignment	: 64
address sizes	: 36 bits physical, 48 bits virtual
power management:

processor	: 3
vendor_id	: GenuineIntel
cpu family	: 6
model		: 30
model name	: Intel(R) Core(TM) i5 CPU         750  @ 2.67GHz
stepping	: 5
microcode	: 0x4
cpu MHz		: 2661.000
cache size	: 8192 KB
physical id	: 0
siblings	: 4
core id		: 3
cpu cores	: 4
apicid		: 6
initial apicid	: 6
fpu		: yes
fpu_exception	: yes
cpuid level	: 11
wp		: yes
flags		: fpu vme de pse tsc msr pae mce cx8 apic sep mtrr pge mca cmov pat pse36 clflush dts acpi mmx fxsr sse sse2 ss ht tm pbe syscall nx rdtscp lm constant_tsc arch_perfmon pebs bts rep_good nopl xtopology nonstop_tsc aperfmperf pni dtes64 monitor ds_cpl vmx smx est tm2 ssse3 cx16 xtpr pdcm sse4_1 sse4_2 popcnt lahf_lm ida dtherm tpr_shadow vnmi flexpriority ept vpid
bogomips	: 5329.52
clflush size	: 64
cache_alignment	: 64
address sizes	: 36 bits physical, 48 bits virtual
power management:



Memory: 4k page, physical 4039328k(97880k free), swap 4185084k(0k free)

vm_info: Java HotSpot(TM) 64-Bit Server VM (25.60-b23) for linux-amd64 JRE (1.8.0_60-b27), built on Aug  4 2015 12:19:40 by "java_re" with gcc 4.3.0 20080428 (Red Hat 4.3.0-8)

time: Thu Sep 24 22:51:18 2015
elapsed time: 8 seconds (0d 0h 0m 8s)

